logger: acquire.go:143: #18 thread for https://data.unicef.org/resources/progress-on-drinking-water-and-sanitation-2012-update/ 
logger: acquire.go:143: #12 thread for https://data.unicef.org/resources/snapshot-drinking-water-sanitation-arab-states-2010-update/ 
logger: acquire.go:143: #23 thread for https://data.unicef.org/resources/estimating-number-children-formal-alternative-care-challenges-results-2/ 
logger: acquire.go:143: #0 thread for https://data.unicef.org/resources/ 
logger: acquire.go:143: #2 thread for https://data.unicef.org/resources/hidden-in-plain-sight-a-statistical-analysis-of-violence-against-children/ 
logger: acquire.go:143: #13 thread for https://data.unicef.org/resources/data-visualization-refugees-migrants/ 
logger: acquire.go:143: #14 thread for https://data.unicef.org/resources/state-worlds-children-2016-data-visualization/ 
logger: acquire.go:143: #20 thread for https://data.unicef.org/resources/progress-on-sanitation-and-drinking-water-2010-update/ 
logger: acquire.go:143: #19 thread for https://data.unicef.org/resources/progress-on-sanitation-and-drinking-water-2013-update/ 
logger: acquire.go:143: #3 thread for https://data.unicef.org/resources/towards-a-post-2015-development-agenda/ 
logger: acquire.go:143: #1 thread for https://data.unicef.org/resources/children-in-africa-2015/ 
logger: acquire.go:143: #4 thread for https://data.unicef.org/resources/post-2015-wash-targets-and-indicators/ 
logger: acquire.go:143: #5 thread for https://data.unicef.org/resources/wash-post-2015-proposed-targets-indicators-households-schools-health-centers/ 
logger: acquire.go:143: #21 thread for https://data.unicef.org/resources/a-snapshot-of-drinking-water-and-sanitation-in-africa-2012-update/ 
logger: acquire.go:143: #6 thread for https://data.unicef.org/resources/every-childs-birth-right-inequities-and-trends-in-birth-registration/ 
logger: acquire.go:143: #15 thread for https://data.unicef.org/resources/education-pathway-analysis-dashboard/ 
logger: acquire.go:143: #7 thread for https://data.unicef.org/resources/ending-preventable-child-deaths-pneumonia-diarrhoea-2025/ 
logger: acquire.go:143: #22 thread for https://data.unicef.org/resources/the-state-of-the-worlds-children-report-2015-statistical-tables/ 
logger: acquire.go:143: #16 thread for https://data.unicef.org/resources/boys-girls-life-cycle-sex-disaggregated-data-selection-well-indicators-early-childhood-young-adulthood/ 
logger: acquire.go:143: #9 thread for https://data.unicef.org/resources/pneumonia-and-diarrhoea-tackling-the-deadliest-diseases-for-the-worlds-poorest-children/ 
logger: acquire.go:143: #10 thread for https://data.unicef.org/resources/the-state-of-the-worlds-children-2013-children-with-disabilities/ 
logger: acquire.go:143: #8 thread for https://data.unicef.org/resources/impact-unpaid-household-services-measurement-child-labour/ 
logger: acquire.go:143: #11 thread for https://data.unicef.org/resources/progress-children-report-card-adolescents-number-10-april-2012/ 
logger: acquire.go:143: #107 thread for https://data.unicef.org/resources/towards-universal-access-scaling-priority-hivaids-interventions-health-sector-progress-report-2010/ 
logger: acquire.go:143: #17 thread for https://data.unicef.org/resources/progress-on-drinking-water-and-sanitation-2014-report/ 
logger: acquire.go:143: #24 thread for https://data.unicef.org/resources/field-testing-draft-version-unicefwashington-group-module-child-functioning-disability/ 
logger: acquire.go:143: #25 thread for https://data.unicef.org/resources/first-foods-improving-diets-early-childhood/ 
logger: acquire.go:143: #26 thread for https://data.unicef.org/resources/global-regional-and-national-levels-and-trends-in-under-5-mortality-between-1990-and-2015-with-scenario-based-projections-to-2030-a-systematic-analysis-by-the-un-inter-agency-group-for-child-morta/ 
logger: acquire.go:143: #153 thread for https://data.unicef.org/resources/technical-note-age-adjustment-of-child-anthropometry-estimates/ 
logger: acquire.go:143: #27 thread for https://data.unicef.org/resources/home-based-record-prevalence-among-children-aged-12-23-months-from-180-demographic-and-health-surveys/ 
logger: acquire.go:143: #28 thread for https://data.unicef.org/resources/state-worlds-children-2016-report/ 
logger: acquire.go:143: #108 thread for https://data.unicef.org/resources/children-and-aids-fifth-stocktaking-report-2010/ 
logger: acquire.go:143: #109 thread for https://data.unicef.org/resources/joint-child-malnutrition-estimates-2016-interactive-dashboard/ 
logger: acquire.go:143: #29 thread for https://data.unicef.org/resources/data-childrens-rights-and-the-new-development-agenda/ 
logger: acquire.go:143: #110 thread for https://data.unicef.org/resources/measuring-coverage-in-maternal-newborn-and-child-health/ 
logger: acquire.go:143: #30 thread for https://data.unicef.org/resources/childhood-pneumonia-and-diarrhoea-lancet-series/ 
logger: acquire.go:143: #111 thread for https://data.unicef.org/resources/accountability-for-maternal-newborn-and-child-survival-an-update-on-progress-in-priority-countries/ 
logger: acquire.go:143: #31 thread for https://data.unicef.org/resources/health-of-the-worlds-adolescents-a-synthesis-of-internationally-comparable-data/ 
logger: acquire.go:143: #112 thread for https://data.unicef.org/resources/joint-child-malnutrition-estimates-2017-edition/ 
logger: acquire.go:143: #32 thread for https://data.unicef.org/resources/progress-for-children-a-report-card-on-adolescents/ 
logger: acquire.go:143: #113 thread for https://data.unicef.org/resources/joint-child-malnutrition-estimates-2017-edition-interactive-dashboard/ 
logger: acquire.go:143: #33 thread for https://data.unicef.org/resources/state-worlds-children-2014-numbers-every-child-counts/ 
logger: acquire.go:143: #114 thread for https://data.unicef.org/resources/vitamin-supplementation-interactive-dashboard/ 
logger: acquire.go:143: #34 thread for https://data.unicef.org/resources/global-monitoring-for-child-protection-brochure-2014/ 
logger: acquire.go:143: #115 thread for https://data.unicef.org/resources/maternal-and-child-undernutrition-and-overweight-in-low-income-and-middle-income-countries/ 
logger: acquire.go:143: #35 thread for https://data.unicef.org/resources/wash-water-supply-sanitation-hygiene/ 
logger: acquire.go:143: #116 thread for https://data.unicef.org/resources/improving-child-nutrition-the-achievable-imperative-for-global-progress/ 
logger: acquire.go:143: #36 thread for https://data.unicef.org/resources/household-survey-indicators-for-malaria-control-2013-edition/ 
logger: acquire.go:143: #117 thread for https://data.unicef.org/resources/preterm-birth-associated-neurodevelopmental-impairment-estimates-at-regional-and-global-levels-for-2010/ 
logger: acquire.go:143: #37 thread for https://data.unicef.org/resources/ending-preventable-child-deaths-from-pneumonia-and-diarrhoea-by-2025-the-integrated-global-action-plan-for-pneumonia-and-diarrhoea-unicef-and-who/ 
logger: acquire.go:143: #118 thread for https://data.unicef.org/resources/global-trends-exclusive-breastfeeding/ 
logger: acquire.go:143: #38 thread for https://data.unicef.org/resources/the-state-of-the-worlds-children-2012-children-in-an-urban-world/ 
logger: acquire.go:143: #119 thread for https://data.unicef.org/resources/monitoring-child-undernutrition-at-national-levels-before-and-after-the-economic-and-food-crisis-data-from-20-countries/ 
logger: acquire.go:143: #39 thread for https://data.unicef.org/resources/how-sensitive-are-estimates-of-working-children-and-child-labour-to-definitions-a-comparative-analysis/ 
logger: acquire.go:143: #120 thread for https://data.unicef.org/resources/low-birthweight-country-regional-and-global-estimates/ 
logger: acquire.go:143: #40 thread for https://data.unicef.org/resources/snapshot-progress-towards-mdg-drinking-water-sanitation-target/ 
logger: acquire.go:143: #121 thread for https://data.unicef.org/resources/female-genital-mutilationcutting-a-statistical-exploration/ 
logger: acquire.go:143: #41 thread for https://data.unicef.org/resources/drinking-water-equity-safety-and-sustainability-2011-thematic-report/ 
logger: acquire.go:143: #122 thread for https://data.unicef.org/resources/child-labour-education-and-the-principle-of-non-discrimination/ 
logger: acquire.go:143: #42 thread for https://data.unicef.org/resources/progress-and-impact-series-number-7-september-2011-a-decade-of-partnership-and-results/ 
logger: acquire.go:143: #123 thread for https://data.unicef.org/resources/monitoring-low-birth-weight-an-evaluation-of-international-estimates-and-an-updated-estimation-procedure/ 
logger: acquire.go:143: #43 thread for https://data.unicef.org/resources/snapshot-sanitation-south-asia-focus-inequities/ 
logger: acquire.go:143: #124 thread for https://data.unicef.org/resources/coordinated-strategy-to-abandon-fgmc-in-one-generation/ 
logger: acquire.go:143: #44 thread for https://data.unicef.org/resources/child-disciplinary-practices-at-home-evidence-from-a-range-of-low-and-middle-income-countries/ 
logger: acquire.go:143: #125 thread for https://data.unicef.org/resources/changing-a-harmful-social-convention-female-genital-mutilationcutting-innocenti-digest/ 
logger: acquire.go:143: #45 thread for https://data.unicef.org/resources/the-state-of-the-worlds-children-2011-adolescents-an-age-of-opportunity/ 
logger: acquire.go:143: #126 thread for https://data.unicef.org/resources/child-labour-and-school-attendance-evidence-from-mics-and-dhs-surveys/ 
logger: acquire.go:143: #46 thread for https://data.unicef.org/resources/progress-for-children-achieving-the-mdgs-with-equity-number-9-september-2010/ 
logger: acquire.go:143: #127 thread for https://data.unicef.org/resources/long-term-evaluation-of-the-tostan-programme-in-senegal-kolda-thies-and-fatick-regions/ 
logger: acquire.go:143: #47 thread for https://data.unicef.org/resources/ethical-dilemmas-risks-collecting-data-violence-children-findings-work-cp-merg-technical-working-group-violence-children/ 
logger: acquire.go:143: #128 thread for https://data.unicef.org/resources/progress-for-children-a-report-card-on-child-protection-number-8/ 
logger: acquire.go:143: #48 thread for https://data.unicef.org/resources/snapshot-drinking-water-sanitation-mdg-region-southern-asia-2010-update/ 
logger: acquire.go:143: #129 thread for https://data.unicef.org/resources/tracking-progress-child-maternal-nutrition-survival-development-priority/ 
logger: acquire.go:143: #49 thread for https://data.unicef.org/resources/nutrition-country-profiles/ 
logger: acquire.go:143: #50 thread for https://data.unicef.org/resources/snapshot-drinking-water-sanitation-mdg-region-south-eastern-asia-2010-update/ 
logger: acquire.go:143: #51 thread for https://data.unicef.org/resources/snapshot-drinking-water-sanitation-mdg-region-western-asia-2010-update/ 
logger: acquire.go:143: #52 thread for https://data.unicef.org/resources/access-to-sanitation-in-countries-of-east-asia-a-snapshot-of-the-status-in-2008/ 
logger: acquire.go:143: #130 thread for https://data.unicef.org/resources/immunization-country-profiles-2017/ 
logger: acquire.go:143: #131 thread for https://data.unicef.org/resources/nutrition-targets-tracking-tool/ 
logger: acquire.go:143: #53 thread for https://data.unicef.org/resources/snapshot-sanitation-open-defecation-africa-2010-update/ 
logger: acquire.go:143: #54 thread for https://data.unicef.org/resources/whounicef-jmp-interactive-website/ 
logger: acquire.go:143: #132 thread for https://data.unicef.org/resources/progress-every-child-country-profiles/ 
logger: acquire.go:143: #133 thread for https://data.unicef.org/resources/state-of-the-worlds-children-2017-interactive-dashboard/ 
logger: acquire.go:143: #55 thread for https://data.unicef.org/resources/data-resource-profile-united-nations-childrens-fund-unicef/ 
logger: acquire.go:143: #134 thread for https://data.unicef.org/resources/progress-for-children-a-report-card-on-nutrition/ 
logger: acquire.go:143: #56 thread for https://data.unicef.org/resources/the-millennium-development-goals-2013-goal-4-addendum/ 
logger: acquire.go:143: #135 thread for https://data.unicef.org/resources/snapshot-drinking-water-sanitation-mdg-region-latin-america-caribbean-2010-update/ 
logger: acquire.go:143: #57 thread for https://data.unicef.org/resources/children-in-africa-2013/ 
logger: acquire.go:143: #136 thread for https://data.unicef.org/resources/countdown-country-profiles/ 
logger: acquire.go:143: #58 thread for https://data.unicef.org/resources/the-millennium-development-goals-2012-goal-4-addendum/ 
logger: acquire.go:143: #137 thread for https://data.unicef.org/resources/unicef-strategic-plan-education-country-profiles/ 
logger: acquire.go:143: #59 thread for https://data.unicef.org/resources/the-millennium-development-goals-report-2010/ 
logger: acquire.go:143: #138 thread for https://data.unicef.org/resources/statistical-snapshot-child-marriage-west-central-africa/ 
logger: acquire.go:143: #84 thread for https://data.unicef.org/resources/immunization-summary-a-statistical-reference-containing-data-through-2010/ 
logger: acquire.go:143: #146 thread for https://data.unicef.org/resources/comparison-world-health-organization-child-growth-standards-national-center-health-statisticswho-international-growth-reference-implications-child-health-programmes/ 
logger: acquire.go:143: #85 thread for https://data.unicef.org/resources/immunization-summary-statistical-reference-containing-data-2009/ 
logger: acquire.go:143: #139 thread for https://data.unicef.org/resources/sofi-2018/ 
logger: acquire.go:143: #140 thread for https://data.unicef.org/resources/maternal-newborn-health-disparities-country-profiles/ 
logger: acquire.go:143: #86 thread for https://data.unicef.org/resources/progress-and-impact-series-number-2-april-2010-world-malaria-day-2010-africa-update/ 
logger: acquire.go:143: #83 thread for https://data.unicef.org/resources/keeping-immunisation-coverage-targets-in-perspective/ 
logger: acquire.go:143: #147 thread for https://data.unicef.org/resources/technical-note-calculate-average-annual-rate-reduction-aarr-underweight-prevalence/ 
logger: acquire.go:143: #141 thread for https://data.unicef.org/resources/child-functioning-module-article-series/ 
logger: acquire.go:143: #87 thread for https://data.unicef.org/resources/progress-and-impact-series-number-1-march-2010-malaria-funding-resource-utilization-the-first-decade-of-roll-back-malaria/ 
logger: acquire.go:143: #60 thread for https://data.unicef.org/resources/committing-to-child-survival-a-promise-renewed-progress-report-2013/ 
logger: acquire.go:143: #88 thread for https://data.unicef.org/resources/countdown-to-2015-taking-stock-of-maternal-newborn-and-child-survival-decade-report-2000-2010/ 
logger: acquire.go:143: #148 thread for https://data.unicef.org/resources/child-disability-screening-nutrition-early-learning-18-countries-low-middle-incomes-data-third-round-unicefs-multiple-indicator-cluster-survey-2005-06/ 
logger: acquire.go:143: #142 thread for https://data.unicef.org/resources/module-child-functioning/ 
logger: acquire.go:143: #61 thread for https://data.unicef.org/resources/the-millennium-development-goals-report-2011/ 
logger: acquire.go:143: #89 thread for https://data.unicef.org/resources/levels-and-trends-in-child-mortality-report-2010/ 
logger: acquire.go:143: #143 thread for https://data.unicef.org/resources/key-inclusion-new-tool-measure-child-functioning-disability/ 
logger: acquire.go:143: #62 thread for https://data.unicef.org/resources/pneumonia-care-seeking-interactive-dashboard/ 
logger: acquire.go:143: #149 thread for https://data.unicef.org/resources/diarrhoea-why-children-are-still-dying-and-what-can-be-done/ 
logger: acquire.go:143: #63 thread for https://data.unicef.org/resources/avoiding-the-will-o-the-wisp-challenges-in-measuring-high-levels-of-immunization-coverage-with-precision/ 
logger: acquire.go:143: #144 thread for https://data.unicef.org/resources/progress-every-child-sdg-era-dashboard/ 
logger: acquire.go:143: #150 thread for https://data.unicef.org/resources/levels-and-trends-in-under-5-mortality-1990-2008/ 
logger: acquire.go:143: #64 thread for https://data.unicef.org/resources/world-malaria-report-2013/ 
logger: acquire.go:143: #145 thread for https://data.unicef.org/resources/early-childhood-development-statistical-snapshot/ 
logger: acquire.go:143: #151 thread for https://data.unicef.org/resources/countdown-2015-decade-report-2000-2010-taking-stock-maternal-newborn-child-survival/ 
logger: acquire.go:143: #90 thread for https://data.unicef.org/resources/immunization-summary-a-statistical-reference-containing-data-through-2008/ 
logger: acquire.go:143: #152 thread for https://data.unicef.org/resources/levels-trends-child-mortality-1990-2009/ 
logger: acquire.go:143: #65 thread for https://data.unicef.org/resources/world-malaria-day-2013/ 
logger: acquire.go:143: #91 thread for https://data.unicef.org/resources/tuberculosis-factographs/ 
logger: acquire.go:143: #66 thread for https://data.unicef.org/resources/les-dossiers-de-vaccination-pour-les-enfants-a-domicile-reflexion-sur-la-forme/ 
logger: acquire.go:143: #92 thread for https://data.unicef.org/resources/no-time-to-lose-on-child-marriage-and-female-genital-mutilationcutting/ 
logger: acquire.go:143: #67 thread for https://data.unicef.org/resources/home-based-child-vaccination-records-a-reflection-on-form-2/ 
logger: acquire.go:143: #93 thread for https://data.unicef.org/resources/no-time-to-lose-female-genital-mutilationcutting/ 
logger: acquire.go:143: #68 thread for https://data.unicef.org/resources/non-participation-in-child-health-days-or-routine-immunization-services-among-children-under-5-years-of-age-somaliland-2012/ 
logger: acquire.go:143: #94 thread for https://data.unicef.org/resources/no-time-lose-child-marriage/ 
logger: acquire.go:143: #69 thread for https://data.unicef.org/resources/a-comparison-of-national-immunization-programme-target-population-estimates-with-data-from-an-independent-source-and-differences-in-computed-coverage-levels-for-the-third-dose-of-dtp-containing-vaccin/ 
logger: acquire.go:143: #70 thread for https://data.unicef.org/resources/an-introduction-to-the-grade-of-confidence-used-to-characterize-uncertainty-around-the-who-and-unicef-estimates-of-national-immunization-coverage/ 
logger: acquire.go:143: #95 thread for https://data.unicef.org/resources/female-genital-mutilationcutting-might-future-hold/ 
logger: acquire.go:143: #96 thread for https://data.unicef.org/resources/birth-registration-childs-passport-protection/ 
logger: acquire.go:143: #71 thread for https://data.unicef.org/resources/global-routine-vaccination-coverage-2012/ 
logger: acquire.go:143: #97 thread for https://data.unicef.org/resources/statistical-snapshot-child-protection-west-central-africa/ 
logger: acquire.go:143: #72 thread for https://data.unicef.org/resources/renewing-promise-survival-children-comment-lancet/ 
logger: acquire.go:143: #98 thread for https://data.unicef.org/resources/child-protection-violence-exploitation-abuse/ 
logger: acquire.go:143: #73 thread for https://data.unicef.org/resources/levels-trends-child-mortality-report-2013/ 
logger: acquire.go:143: #99 thread for https://data.unicef.org/resources/the-dynamics-of-social-change-towards-the-abandonment-of-female-genital-mutilationcutting-in-five-african-countries/ 
logger: acquire.go:143: #74 thread for https://data.unicef.org/resources/data-update-a-summary-of-global-immunization-coverage-through-2011/ 
logger: acquire.go:143: #75 thread for https://data.unicef.org/resources/review-target-population-estimates-implied-infant-mortality-rates-national-immunization-programmes-2000-2010/ 
logger: acquire.go:143: #100 thread for https://data.unicef.org/resources/child-mortality-estimation-2013-an-overview-of-updates-in-estimation-methods-by-the-united-nations-inter-agency-group-for-child-mortality-estimation/ 
logger: acquire.go:143: #76 thread for https://data.unicef.org/resources/raising-awareness-among-immunization-programme-managers-potential-bias-resulting-application-fixed-factors-obtain-target-population-size-estimates/ 
logger: acquire.go:143: #101 thread for https://data.unicef.org/resources/child-mortality-estimation-methods/ 
logger: acquire.go:143: #77 thread for https://data.unicef.org/resources/levels-trends-child-mortality-report-2012/ 
logger: acquire.go:143: #102 thread for https://data.unicef.org/resources/generation-2025-and-beyond-the-critical-importance-of-understanding-demographic-trends-for-children-of-the-21st-century/ 
logger: acquire.go:143: #78 thread for https://data.unicef.org/resources/building-a-future-for-women-and-children-the-2012-report/ 
logger: acquire.go:143: #79 thread for https://data.unicef.org/resources/world-malaria-report-2012/ 
logger: acquire.go:143: #103 thread for https://data.unicef.org/resources/pmtct-country-profiles/ 
logger: acquire.go:143: #80 thread for https://data.unicef.org/resources/summary-global-routine-immunization-coverage-2010/ 
logger: acquire.go:143: #104 thread for https://data.unicef.org/resources/towards-an-aids-free-generation-children-and-aids-stocktaking-report-2013/ 
logger: acquire.go:143: #81 thread for https://data.unicef.org/resources/monitoring-maternal-newborn-and-child-health-understanding-key-progress-indicators/ 
logger: acquire.go:143: #105 thread for https://data.unicef.org/resources/opportunity-in-crisis-preventing-hiv-from-early-adolescence-to-young-adulthood/ 
logger: acquire.go:143: #82 thread for https://data.unicef.org/resources/levels-and-trends-in-child-mortality-report-2011/ 
logger: acquire.go:143: #106 thread for https://data.unicef.org/resources/global-hivaids-response-epidemic-update-and-health-sector-progress-towards-universal-access-progress-report-2011/ 
logger: acquire.go:143: #154 thread for https://data.unicef.org/resources/measles-mortality-reduction-contributes-substantially-to-reduction-of-all-cause-mortality-among-children-less-than-five-years-of-age/ 
logger: acquire.go:143: #155 thread for https://data.unicef.org/resources/understanding-caregivers-attitudes-towards-physical-punishment-children-evidence-34-low-middle-income-countries/ 
logger: acquire.go:143: #156 thread for https://data.unicef.org/resources/mid-term-assessment-progress-towards-immunisation-coverage-goal-global-immunisation-vision-strategy-givs/ 
logger: acquire.go:143: #171 thread for https://data.unicef.org/resources/module-on-child-functioning-manual-for-interviewers/ 
logger: acquire.go:143: #157 thread for https://data.unicef.org/resources/disparities-by-sex-in-early-childhood-and-adolescence/ 
logger: acquire.go:143: #172 thread for https://data.unicef.org/resources/child-marriage-latest-trends-and-future-prospects/ 
logger: acquire.go:143: #158 thread for https://data.unicef.org/resources/end-violence-data-visualization/ 
logger: acquire.go:143: #173 thread for https://data.unicef.org/resources/children-hiv-and-aids-global-and-regional-snapshots/ 
logger: acquire.go:143: #159 thread for https://data.unicef.org/resources/children-hiv-and-aids-2030/ 
logger: acquire.go:143: #174 thread for https://data.unicef.org/resources/gender-action-plan/ 
logger: acquire.go:143: #160 thread for https://data.unicef.org/resources/children-in-africa-child-survival-brochure/ 
logger: acquire.go:143: #175 thread for https://data.unicef.org/resources/definition-of-skilled-health-personnel-providing-care-during-childbirth/ 
logger: acquire.go:143: #179 thread for https://data.unicef.org/resources/vitamin-a-coverage/ 
logger: acquire.go:143: #161 thread for https://data.unicef.org/resources/2013-statistical-snapshot-child-mortality/ 
logger: acquire.go:143: #176 thread for https://data.unicef.org/resources/levels-and-trends-in-child-malnutrition-2018/ 
logger: acquire.go:143: #162 thread for https://data.unicef.org/resources/child-marriage-in-africa-brochure-2018/ 
logger: acquire.go:143: #177 thread for https://data.unicef.org/resources/breastfeeding-a-mothers-gift-for-every-child/ 
logger: acquire.go:143: #168 thread for https://data.unicef.org/resources/wash-in-schools/ 
logger: acquire.go:143: #163 thread for https://data.unicef.org/resources/girlforce-brochure/ 
logger: acquire.go:143: #178 thread for https://data.unicef.org/resources/timeline-and-development-of-the-module-on-child-functioning/ 
logger: acquire.go:143: #164 thread for https://data.unicef.org/resources/u5mr-by-economic-status/ 
logger: acquire.go:143: #165 thread for https://data.unicef.org/resources/mortality-trends/ 
logger: acquire.go:143: #166 thread for https://data.unicef.org/resources/a-future-stolen/ 
logger: acquire.go:143: #180 thread for https://data.unicef.org/resources/adolescent-country-tracker/ 
logger: acquire.go:143: #167 thread for https://data.unicef.org/resources/data-gaps-and-mixed-migration/ 
logger: acquire.go:143: #181 thread for https://data.unicef.org/resources/sdg-global-indicators-related-to-children/ 
logger: acquire.go:143: #182 thread for https://data.unicef.org/resources/change-game-agenda-action-childhood-tuberculosis/ 
logger: acquire.go:143: #186 thread for https://data.unicef.org/resources/countdown-2030-tracking-progress-towards-universal-coverage-womens-childrens-adolescents-health/ 
logger: acquire.go:143: #169 thread for https://data.unicef.org/resources/capture-the-moment/ 
logger: acquire.go:143: #183 thread for https://data.unicef.org/resources/children-move-key-facts-figures/ 
logger: acquire.go:143: #187 thread for https://data.unicef.org/resources/snapshot-civil-registration-sub-saharan-africa/ 
logger: acquire.go:143: #170 thread for https://data.unicef.org/resources/women-at-the-heart-of-the-hiv-response-for-children/ 
logger: acquire.go:143: #188 thread for https://data.unicef.org/resources/step-pace-towards-aids-free-generation-west-central-africa/ 
logger: acquire.go:143: #184 thread for https://data.unicef.org/resources/every-child-alive-urgent-need-end-newborn-deaths/ 
logger: acquire.go:143: #189 thread for https://data.unicef.org/resources/children-aids-statistical-update/ 
logger: acquire.go:143: #185 thread for https://data.unicef.org/resources/call-action-protecting-children-move-starts-better-data/ 
logger: acquire.go:143: #190 thread for https://data.unicef.org/resources/meeting-report-infant-young-child-feeding-indicators/ 
logger: acquire.go:143: #199 thread for https://data.unicef.org/resources/wash-2030-agenda/ 
logger: acquire.go:143: #210 thread for https://data.unicef.org/resources/one-many-ending-child-deaths-pneumonia-diarrhoea/ 
logger: acquire.go:143: #191 thread for https://data.unicef.org/resources/gendered-influences-adolescent-mental-health-low-income-middle-income-countries/ 
logger: acquire.go:143: #200 thread for https://data.unicef.org/resources/progress-drinking-water-sanitation-hygiene-2017-update-sdg-baselines/ 
logger: acquire.go:143: #192 thread for https://data.unicef.org/resources/generation-2030-africa-2-0/ 
logger: acquire.go:143: #228 thread for https://data.unicef.org/resources/pregnancy-childbirth-postpartum-newborn-care-guide-essential-practice/ 
logger: acquire.go:143: #211 thread for https://data.unicef.org/resources/first-hour-life-new-report-breastfeeding-practices/ 
logger: acquire.go:143: #229 thread for https://data.unicef.org/resources/every-newborn-action-plan-country-implementation-tracking-tool-report/ 
logger: acquire.go:143: #220 thread for https://data.unicef.org/resources/global-strategy-womens-childrens-adolescents-health/ 
logger: acquire.go:143: #193 thread for https://data.unicef.org/resources/global-nutrition-report-2017-nourishing-sdgs/ 
logger: acquire.go:143: #221 thread for https://data.unicef.org/resources/vitamin-supplementation-statistical-snapshot/ 
logger: acquire.go:143: #201 thread for https://data.unicef.org/resources/narrowing-the-gaps/ 
logger: acquire.go:143: #230 thread for https://data.unicef.org/resources/every-newborn-action-plan-country-progress-tracking-report/ 
logger: acquire.go:143: #194 thread for https://data.unicef.org/resources/a-familiar-face/ 
logger: acquire.go:143: #222 thread for https://data.unicef.org/resources/guidance-document-strengthening-adolescent-component-national-hiv-programmes-country-assessments/ 
logger: acquire.go:143: #202 thread for https://data.unicef.org/resources/understanding-tackling-gendered-drivers-poor-adolescent-mental-health/ 
logger: acquire.go:143: #231 thread for https://data.unicef.org/resources/children-aids-2015-statistical-update-2/ 
logger: acquire.go:143: #212 thread for https://data.unicef.org/resources/harnessing-the-power-of-data-for-girls/ 
logger: acquire.go:143: #235 thread for https://data.unicef.org/resources/early-marriage-a-traditional-harmful-practice-a-statistical-exploration/ 
logger: acquire.go:143: #203 thread for https://data.unicef.org/resources/child-child-protecting-children-move-violence-abuse-exploitation/ 
logger: acquire.go:143: #236 thread for https://data.unicef.org/resources/achieving-malaria-mdg-target/ 
logger: acquire.go:143: #213 thread for https://data.unicef.org/resources/birth-registration-latin-america-caribbean-closing-gaps/ 
logger: acquire.go:143: #204 thread for https://data.unicef.org/resources/every-child-counted-status-data-children-sdgs/ 
logger: acquire.go:143: #214 thread for https://data.unicef.org/resources/joint-child-malnutrition-estimates-2016-edition/ 
logger: acquire.go:143: #232 thread for https://data.unicef.org/resources/a-profile-of-child-marriage-in-africa/ 
logger: acquire.go:143: #258 thread for https://data.unicef.org/resources/africas-child-demographics-worlds-future/ 
logger: acquire.go:143: #205 thread for https://data.unicef.org/resources/module-child-functioning-concept-note/ 
logger: acquire.go:143: #237 thread for https://data.unicef.org/resources/committing-to-child-survival-a-promise-renewed-2015/ 
logger: acquire.go:143: #195 thread for https://data.unicef.org/resources/levels-trends-child-mortality-2017/ 
logger: acquire.go:143: #215 thread for https://data.unicef.org/resources/uprooted-growing-crisis-refugee-migrant-children/ 
logger: acquire.go:143: #206 thread for https://data.unicef.org/resources/safely-managed-drinking-water/ 
logger: acquire.go:143: #217 thread for https://data.unicef.org/resources/state-worlds-children-2016-statistical-tables/ 
logger: acquire.go:143: #238 thread for https://data.unicef.org/resources/levels-and-trends-in-child-mortality-2015/ 
logger: acquire.go:143: #223 thread for https://data.unicef.org/resources/female-genital-mutilationcutting-global-concern/ 
logger: acquire.go:143: #207 thread for https://data.unicef.org/resources/every-child-end-aids-seventh-stocktaking-report-2016/ 
logger: acquire.go:143: #216 thread for https://data.unicef.org/resources/diarrhea-management-children-five-sub-saharan-africa-source-care-matter/ 
logger: acquire.go:143: #224 thread for https://data.unicef.org/resources/risk-factors-associated-practice-child-marriage-among-roma-girls-serbia/ 
logger: acquire.go:143: #239 thread for https://data.unicef.org/resources/progress-children-report/ 
logger: acquire.go:143: #240 thread for https://data.unicef.org/resources/estimates-of-global-prevalence-of-childhood-underweight-in-1990-and-2015/ 
logger: acquire.go:143: #233 thread for https://data.unicef.org/resources/trends-maternal-mortality-1990-2015/ 
logger: acquire.go:143: #218 thread for https://data.unicef.org/resources/2016-global-nutrition-report/ 
logger: acquire.go:143: #241 thread for https://data.unicef.org/resources/world-malaria-day-2015-infographic-malaria-pregnancy/ 
logger: acquire.go:143: #196 thread for https://data.unicef.org/resources/measuring-child-functioning-unicefwashington-group-model/ 
logger: acquire.go:143: #234 thread for https://data.unicef.org/resources/world-pneumonia-day-2015-infographic/ 
logger: acquire.go:143: #225 thread for https://data.unicef.org/resources/breastfeeding-21st-century-epidemiology-mechanisms-lifelong-effect/ 
logger: acquire.go:143: #219 thread for https://data.unicef.org/resources/every-newborn-country-implementation-tracking-tool-guidance-note/ 
logger: acquire.go:143: #259 thread for https://data.unicef.org/resources/summary-global-immunization-coverage-2013/ 
logger: acquire.go:143: #242 thread for https://data.unicef.org/resources/workshop-measurement-child-disability-concept-note/ 
logger: acquire.go:143: #197 thread for https://data.unicef.org/resources/state-food-security-nutrition-world/ 
logger: acquire.go:143: #226 thread for https://data.unicef.org/resources/child-protection-resource-pack/ 
logger: acquire.go:143: #198 thread for https://data.unicef.org/resources/harrowing-journeys/ 
logger: acquire.go:143: #243 thread for https://data.unicef.org/resources/results-from-a-survey-of-national-immunization-programmes-on-home-based-vaccination-record-practices-in-2013/ 
logger: acquire.go:143: #209 thread for https://data.unicef.org/resources/differential-effects-young-maternal-age-child-growth/ 
logger: acquire.go:143: #260 thread for https://data.unicef.org/resources/generation-2030-africa-child-demographics-in-africa/ 
logger: acquire.go:143: #227 thread for https://data.unicef.org/resources/navigating-the-landscape-of-child-disability-measurement-a-review-of-available-data-collection-instruments/ 
logger: acquire.go:143: #244 thread for https://data.unicef.org/resources/strategies-toward-ending-preventable-maternal-mortality/ 
logger: acquire.go:143: #261 thread for https://data.unicef.org/resources/global-monitoring-of-water-supply-and-sanitation-history-methods-and-future-challenges/ 
logger: acquire.go:143: #208 thread for https://data.unicef.org/resources/collecting-reporting-sex-age-disaggregated-data-adolescents-sub-national-level/ 
logger: acquire.go:143: #262 thread for https://data.unicef.org/resources/measuring-the-determinants-of-childhood-vulnerability/ 
logger: acquire.go:143: #245 thread for https://data.unicef.org/resources/redefining-childhood-vulnerability-hiv-policy-brief/ 
logger: acquire.go:143: #263 thread for https://data.unicef.org/resources/the-millennium-development-goals-report-2014/ 
logger: acquire.go:143: #264 thread for https://data.unicef.org/resources/ending-child-marriage-progress-and-prospects/ 
logger: acquire.go:143: #246 thread for https://data.unicef.org/resources/fixing-the-broken-promise-of-education-for-all-findings-from-the-global-initiative-on-out-of-school-children/ 
logger: acquire.go:143: #247 thread for https://data.unicef.org/resources/a-snapshot-of-drinking-water-and-sanitation-in-africa-2010-update/ 
logger: acquire.go:143: #265 thread for https://data.unicef.org/resources/epidemiology-of-hiv-and-aids-among-adolescents-current-status-inequities-and-data-gaps/ 
logger: acquire.go:143: #248 thread for https://data.unicef.org/resources/collecting-data-child-disability-companion-technical-booklet/ 
logger: acquire.go:143: #266 thread for https://data.unicef.org/resources/every-newborn-progress-priorities-and-potential-beyond-survival/ 
logger: acquire.go:143: #249 thread for https://data.unicef.org/resources/state-worlds-children-2015/ 
logger: acquire.go:143: #267 thread for https://data.unicef.org/resources/the-contribution-of-malaria-control-to-maternal-and-newborn-health/ 
logger: acquire.go:143: #250 thread for https://data.unicef.org/resources/global-routine-vaccination-coverage-2013/ 
logger: acquire.go:143: #268 thread for https://data.unicef.org/resources/countdown-to-2015-maternal-newborn-child-survival-fulfilling-the-health-agenda-for-women-and-children-the-2014-report/ 
logger: acquire.go:143: #251 thread for https://data.unicef.org/resources/measuring-violence-against-children-inventory-and-assessment-of-quantitative-studies-publication/ 
logger: acquire.go:143: #269 thread for https://data.unicef.org/resources/every-newborn-action-plan-end-preventable-deaths/ 
logger: acquire.go:143: #252 thread for https://data.unicef.org/resources/statistical-snapshot-violence-adolescent-girls/ 
logger: acquire.go:143: #253 thread for https://data.unicef.org/resources/committing-to-child-survival-a-promise-renewed-progress-report-2014-key-findings/ 
logger: acquire.go:143: #270 thread for https://data.unicef.org/resources/children-in-africa-2014/ 
logger: acquire.go:143: #254 thread for https://data.unicef.org/resources/committing-to-child-survival-a-promise-renewed-progress-report-2014/ 
logger: acquire.go:143: #271 thread for https://data.unicef.org/resources/youthpoll/ 
logger: acquire.go:143: #255 thread for https://data.unicef.org/resources/levels-trends-child-mortality-report-2014/ 
logger: acquire.go:143: #272 thread for https://data.unicef.org/resources/fgm-measurement-journal-article/ 
logger: acquire.go:143: #256 thread for https://data.unicef.org/resources/proportionate-target-population-estimates-used-by-national-immunization-programmes-in-sub-saharan-africa-and-comparison-with-values-from-an-external-source/ 
logger: acquire.go:143: #257 thread for https://data.unicef.org/resources/national-regional-and-global-sex-ratios-of-infant-child-and-under-5-mortality-and-identifi-cation-of-countries-with-outlying-ratios-a-systematic-assessment/ 
logger: acquire.go:143: #273 thread for https://data.unicef.org/resources/statistical-snapshot-violence-children-central-eastern-europe-commonwealth-independent-states-ceecis/ 
logger: acquire.go:143: #274 thread for https://data.unicef.org/resources/global-statistics-childrens-protection-violence-exploitation-abuse/ 
logger: acquire.go:143: #275 thread for https://data.unicef.org/resources/spatial-distribution-of-u5mr/ 
logger: acquire.go:143: #276 thread for https://data.unicef.org/resources/fgm-country-profiles/ 
logger: acquire.go:143: #277 thread for https://data.unicef.org/resources/immunization-coverage-estimates-data-visualization/ 
logger: acquire.go:143: #278 thread for https://data.unicef.org/resources/a-right-to-be-heard-interactive-dashboard/ 
logger: acquire.go:143: #279 thread for https://data.unicef.org/resources/indicator-monitoring-framework-global-strategy-womens-childrens-adolescents-health/ 
logger: acquire.go:143: #338 thread for https://data.unicef.org/resources/levels-and-trends-in-child-mortality/ 
logger: acquire.go:143: #280 thread for https://data.unicef.org/resources/vitamin-supplementation-interactive-dashboard-2/ 
logger: acquire.go:143: #281 thread for https://data.unicef.org/resources/progress-in-adolescent-health-and-wellbeing-1990-2016/ 
logger: acquire.go:143: #410 thread for https://data.unicef.org/topic/gender/overview/ 
logger: acquire.go:143: #288 thread for https://data.unicef.org/resources/end-child-marriage-progress-and-trends-animated-video/ 
logger: acquire.go:143: #289 thread for https://data.unicef.org/resources/progress-on-sanitation-and-drinking-water-2015-assessement-and-mdg-update/ 
logger: acquire.go:143: #290 thread for https://data.unicef.org/resources/ending-child-marriage-a-profile-of-progress-in-india/ 
logger: acquire.go:143: #291 thread for https://data.unicef.org/resources/fgm-statistical-overview-and-dynamics-of-change/ 
logger: acquire.go:143: #294 thread for https://data.unicef.org/resources/child-marriage-in-mena/ 
logger: acquire.go:143: #295 thread for https://data.unicef.org/resources/global-nutrition-report-2018/ 
logger: acquire.go:143: #293 thread for https://data.unicef.org/resources/child-marriage-in-ethiopia/ 
logger: acquire.go:143: #296 thread for https://data.unicef.org/resources/neonatal-mortality-between-1990-and-2017-systematic-analysis/ 
logger: acquire.go:143: #292 thread for https://data.unicef.org/resources/female-genital-mutilationcutting-statistical-overview-exploration-dynamics-change/ 
logger: acquire.go:143: #339 thread for https://data.unicef.org/ 
logger: acquire.go:143: #282 thread for https://data.unicef.org/resources/a-roadmap-to-measure-mental-health-among-adolescents/ 
logger: acquire.go:143: #297 thread for https://data.unicef.org/resources/low-birthweight-prevalence-interactive-dashboard/ 
logger: acquire.go:143: #283 thread for https://data.unicef.org/resources/data-snapshot-of-migrant-and-displaced-children-in-africa/ 
logger: acquire.go:143: #298 thread for https://data.unicef.org/resources/unicef-who-low-birthweight-estimates-levels-and-trends-2000-2015/ 
logger: acquire.go:143: #284 thread for https://data.unicef.org/resources/module-child-functioning-tabulation-plan-narrative/ 
logger: acquire.go:143: #299 thread for https://data.unicef.org/resources/progress-for-every-child-2018/ 
logger: acquire.go:143: #285 thread for https://data.unicef.org/resources/wash-in-health-care-facilities-data-viz/ 
logger: acquire.go:143: #381 thread for https://data.unicef.org/topic/water-and-sanitation/wash-in-health-care-facilities/ 
logger: acquire.go:143: #300 thread for https://data.unicef.org/resources/wash-in-health-care-facilities/ 
logger: acquire.go:143: #343 thread for https://data.unicef.org/download/ 
logger: acquire.go:143: #301 thread for https://data.unicef.org/resources/data-collection-analysis-reporting-on-anthropometric-indicators-in-children-under-5/ 
logger: acquire.go:143: #286 thread for https://data.unicef.org/resources/joint-child-malnutrition-estimates-interactive-dashboard/ 
logger: acquire.go:143: #287 thread for https://data.unicef.org/resources/jme/ 
logger: acquire.go:143: #340 thread for https://data.unicef.org/regionalclassifications/ 
logger: acquire.go:143: #385 thread for https://data.unicef.org/topic/adolescents/overview/ 
logger: acquire.go:143: #382 thread for https://data.unicef.org/topic/child-disability/module-on-child-functioning/ 
logger: acquire.go:143: #341 thread for https://data.unicef.org/contact/ 
logger: acquire.go:143: #342 thread for https://data.unicef.org/contact/thankyou/ 
logger: acquire.go:143: #344 thread for https://data.unicef.org/end-violence-dataviz/ 
logger: acquire.go:143: #383 thread for https://data.unicef.org/topic/child-disability/module-on-inclusive-education/ 
logger: acquire.go:143: #303 thread for https://data.unicef.org/resources/child-marriage-among-boys-available-data/ 
logger: acquire.go:143: #347 thread for https://data.unicef.org/open-data/ 
logger: acquire.go:143: #384 thread for https://data.unicef.org/topic/maternal-health/delivery-care/ 
logger: acquire.go:143: #302 thread for https://data.unicef.org/resources/healthy-mothers-healthy-babies/ 
logger: acquire.go:143: #345 thread for https://data.unicef.org/about-us/ 
logger: acquire.go:143: #386 thread for https://data.unicef.org/topic/adolescents/ 
logger: acquire.go:143: #346 thread for https://data.unicef.org/children-sustainable-development-goals/ 
logger: acquire.go:143: #306 thread for https://data.unicef.org/resources/progress-drinking-water-sanitation-hygiene-2019/ 
logger: acquire.go:143: #391 thread for https://data.unicef.org/topic/child-migration-and-displacement/displacement/ 
logger: acquire.go:143: #388 thread for https://data.unicef.org/topic/adolescents/mortality/ 
logger: acquire.go:143: #387 thread for https://data.unicef.org/topic/child-health/malaria/ 
logger: acquire.go:143: #304 thread for https://data.unicef.org/resources/middle-east-north-africa-generation-2030/ 
logger: acquire.go:143: #389 thread for https://data.unicef.org/topic/child-disability/overview/ 
logger: acquire.go:143: #348 thread for https://data.unicef.org/topic/overview/ 
logger: acquire.go:143: #350 thread for https://data.unicef.org/topic/child-health/ 
logger: acquire.go:143: #305 thread for https://data.unicef.org/resources/who-unicef-discussion-paper-nutrition-targets/ 
logger: acquire.go:143: #390 thread for https://data.unicef.org/topic/child-protection/birth-registration/ 
logger: acquire.go:143: #307 thread for https://data.unicef.org/resources/measurement-of-reproductive-maternal-newborn-child-health-nutrition/ 
logger: acquire.go:143: #392 thread for https://data.unicef.org/topic/water-and-sanitation/wash-in-schools/ 
logger: acquire.go:143: #349 thread for https://data.unicef.org/topic/child-disability/ 
logger: acquire.go:143: #308 thread for https://data.unicef.org/resources/a-world-ready-to-learn-report/ 
logger: acquire.go:143: #352 thread for https://data.unicef.org/topic/child-protection/overview/ 
logger: acquire.go:143: #393 thread for https://data.unicef.org/topic/child-protection/violence/violent-deaths/ 
logger: acquire.go:143: #394 thread for https://data.unicef.org/topic/water-and-sanitation/drinking-water/ 
logger: acquire.go:143: #749 thread for https://data.unicef.org/resources/resource-status/archive/ 
logger: acquire.go:143: #351 thread for https://data.unicef.org/topic/child-protection/ 
logger: acquire.go:143: #355 thread for https://data.unicef.org/topic/education/ 
logger: acquire.go:143: #395 thread for https://data.unicef.org/topic/water-and-sanitation/sanitation/ 
logger: acquire.go:143: #309 thread for https://data.unicef.org/resources/adolescent-girls-health-and-well-being-in-west-and-central-africa/ 
logger: acquire.go:143: #540 thread for https://data.unicef.org/country/ssd/ 
logger: acquire.go:143: #356 thread for https://data.unicef.org/topic/gender/ 
logger: acquire.go:143: #353 thread for https://data.unicef.org/topic/child-survival/ 
logger: acquire.go:143: #312 thread for https://data.unicef.org/resources/sofi-2019/ 
logger: acquire.go:143: #310 thread for https://data.unicef.org/resources/all-children-immunized-and-healthy/ 
logger: acquire.go:143: #354 thread for https://data.unicef.org/topic/early-childhood-development/ 
logger: acquire.go:143: #357 thread for https://data.unicef.org/topic/maternal-health/ 
logger: acquire.go:143: #541 thread for https://data.unicef.org/country/svk/ 
logger: acquire.go:143: #396 thread for https://data.unicef.org/topic/water-and-sanitation/hygiene/ 
logger: acquire.go:143: #543 thread for https://data.unicef.org/country/syr/ 
logger: acquire.go:143: #311 thread for https://data.unicef.org/resources/immunization-country-profiles/ 
logger: acquire.go:143: #542 thread for https://data.unicef.org/country/swe/ 
logger: acquire.go:143: #358 thread for https://data.unicef.org/topic/nutrition/ 
logger: acquire.go:143: #544 thread for https://data.unicef.org/country/tjk/ 
logger: acquire.go:143: #313 thread for https://data.unicef.org/resources/hiv-estimates-for-children-dashboard/ 
logger: acquire.go:143: #314 thread for https://data.unicef.org/resources/children-hiv-aids-global-snapshot/ 
logger: acquire.go:143: #397 thread for https://data.unicef.org/topic/water-and-sanitation/overview/ 
logger: acquire.go:143: #360 thread for https://data.unicef.org/topic/hivaids/ 
logger: acquire.go:143: #359 thread for https://data.unicef.org/topic/water-and-sanitation/ 
logger: acquire.go:143: #317 thread for https://data.unicef.org/resources/urban-paradox-report/ 
logger: acquire.go:143: #398 thread for https://data.unicef.org/topic/education/literacy/ 
logger: acquire.go:143: #363 thread for https://data.unicef.org/topic/child-protection/children-alternative-care/ 
logger: acquire.go:143: #315 thread for https://data.unicef.org/resources/progress-for-every-child-in-the-sdg-era-2019/ 
logger: acquire.go:143: #400 thread for https://data.unicef.org/topic/nutrition/infant-and-young-child-feeding/ 
logger: acquire.go:143: #362 thread for https://data.unicef.org/topic/child-migration-and-displacement/ 
logger: acquire.go:143: #545 thread for https://data.unicef.org/country/tls/ 
logger: acquire.go:143: #401 thread for https://data.unicef.org/topic/child-health/immunization/ 
logger: acquire.go:143: #399 thread for https://data.unicef.org/topic/maternal-health/antenatal-care/ 
logger: acquire.go:143: #402 thread for https://data.unicef.org/topic/nutrition/malnutrition/ 
logger: acquire.go:143: #361 thread for https://data.unicef.org/topic/adolescents/education-2/ 
logger: acquire.go:143: #316 thread for https://data.unicef.org/resources/adolescent-mental-health-lessons-from-belize-webinar/ 
logger: acquire.go:143: #318 thread for https://data.unicef.org/resources/vulnerabilities-of-migrant-and-forcibly-displaced-children/ 
logger: acquire.go:143: #364 thread for https://data.unicef.org/topic/education/secondary-education/ 
logger: acquire.go:143: #546 thread for https://data.unicef.org/country/tto/ 
logger: acquire.go:143: #403 thread for https://data.unicef.org/topic/hivaids/emtct/ 
logger: acquire.go:143: #407 thread for https://data.unicef.org/topic/child-migration-and-displacement/migration/ 
logger: acquire.go:143: #547 thread for https://data.unicef.org/country/tur/ 
logger: acquire.go:143: #365 thread for https://data.unicef.org/topic/gender/harmful-practices-and-intimate-partner-violence/ 
logger: acquire.go:143: #404 thread for https://data.unicef.org/topic/hivaids/paediatric-treatment-and-care/ 
logger: acquire.go:143: #321 thread for https://data.unicef.org/resources/child-marriage-on-unicef-org/ 
logger: acquire.go:143: #366 thread for https://data.unicef.org/topic/gender/water-sanitation-and-hygiene-wash/ 
logger: acquire.go:143: #548 thread for https://data.unicef.org/country/ukr/ 
logger: acquire.go:143: #319 thread for https://data.unicef.org/resources/national-regional-and-worldwide-estimates-of-low-birthweight-in-2015-with-trends-from-2000-a-systematic-analysis/ 
logger: acquire.go:143: #406 thread for https://data.unicef.org/topic/nutrition/low-birthweight/ 
logger: acquire.go:143: #320 thread for https://data.unicef.org/resources/progress-for-every-child-in-the-sdg-era-dashboard-2019/ 
logger: acquire.go:143: #405 thread for https://data.unicef.org/topic/gender/gender-disparities-in-education/ 
logger: acquire.go:143: #409 thread for https://data.unicef.org/topic/child-protection/female-genital-mutilation/ 
logger: acquire.go:143: #408 thread for https://data.unicef.org/topic/child-protection/child-marriage/ 
logger: acquire.go:143: #367 thread for https://data.unicef.org/topic/adolescents/marriage-2/ 
logger: acquire.go:143: #322 thread for https://data.unicef.org/resources/female-genital-mutilation-challenges-solutions/ 
logger: acquire.go:143: #411 thread for https://data.unicef.org/topic/adolescents/mental-health/ 
logger: acquire.go:143: #444 thread for https://data.unicef.org/country/rwa/ 
logger: acquire.go:143: #413 thread for https://data.unicef.org/topic/child-health/diarrhoeal-disease/ 
logger: acquire.go:143: #414 thread for https://data.unicef.org/topic/child-health/pneumonia/ 
logger: acquire.go:143: #445 thread for https://data.unicef.org/country/nga/ 
logger: acquire.go:143: #549 thread for https://data.unicef.org/country/usa/ 
logger: acquire.go:143: #446 thread for https://data.unicef.org/country/ner/ 
logger: acquire.go:143: #447 thread for https://data.unicef.org/country/nam/ 
logger: acquire.go:143: #412 thread for https://data.unicef.org/topic/maternal-health/newborn-care/ 
logger: acquire.go:143: #323 thread for https://data.unicef.org/resources/state-worlds-children-2017-statistical-tables/ 
logger: acquire.go:143: #539 thread for https://data.unicef.org/country/smr/ 
logger: acquire.go:143: #448 thread for https://data.unicef.org/country/moz/ 
logger: acquire.go:143: #369 thread for https://data.unicef.org/topic/child-protection/violence/peer-violence/ 
logger: acquire.go:143: #370 thread for https://data.unicef.org/topic/child-protection/violence/sexual-violence/ 
logger: acquire.go:143: #550 thread for https://data.unicef.org/country/vat/ 
logger: acquire.go:143: #368 thread for https://data.unicef.org/topic/adolescents/early-childbearing/ 
logger: acquire.go:143: #449 thread for https://data.unicef.org/country/mrt/ 
logger: acquire.go:143: #371 thread for https://data.unicef.org/topic/child-protection/violence/violent-unions/ 
logger: acquire.go:143: #450 thread for https://data.unicef.org/country/mli/ 
logger: acquire.go:143: #372 thread for https://data.unicef.org/topic/child-protection/violence/attitudes-and-social-norms-on-violence/ 
logger: acquire.go:143: #324 thread for https://data.unicef.org/resources/mmap-august-2019/ 
logger: acquire.go:143: #451 thread for https://data.unicef.org/country/mwi/ 
logger: acquire.go:143: #551 thread for https://data.unicef.org/country/vct/ 
logger: acquire.go:143: #552 thread for https://data.unicef.org/country/ven/ 
logger: acquire.go:143: #474 thread for https://data.unicef.org/country/gnq/ 
logger: acquire.go:143: #373 thread for https://data.unicef.org/topic/child-protection/violence/violent-discipline/ 
logger: acquire.go:143: #473 thread for https://data.unicef.org/country/cod/ 
logger: acquire.go:143: #415 thread for https://data.unicef.org/topic/maternal-health/adolescent-health/ 
logger: acquire.go:143: #452 thread for https://data.unicef.org/country/mdg/ 
logger: acquire.go:143: #475 thread for https://data.unicef.org/country/ago/ 
logger: acquire.go:143: #553 thread for https://data.unicef.org/country/vut/ 
logger: acquire.go:143: #374 thread for https://data.unicef.org/topic/adolescents/violence/ 
logger: acquire.go:143: #325 thread for https://data.unicef.org/resources/adolescent-mental-health-behavior-risk-reduction-meta-analysis/ 
logger: acquire.go:143: #477 thread for https://data.unicef.org/country/swz/ 
logger: acquire.go:143: #476 thread for https://data.unicef.org/country/zwe/ 
logger: acquire.go:143: #554 thread for https://data.unicef.org/country/yem/ 
logger: acquire.go:143: #453 thread for https://data.unicef.org/country/lbr/ 
logger: acquire.go:143: #478 thread for https://data.unicef.org/country/afg/ 
logger: acquire.go:143: #555 thread for https://data.unicef.org/country/alb/ 
logger: acquire.go:143: #454 thread for https://data.unicef.org/country/lso/ 
logger: acquire.go:143: #556 thread for https://data.unicef.org/country/are/ 
logger: acquire.go:143: #326 thread for https://data.unicef.org/resources/equitable-coverage-private-public-sectors-maternal-newborn-and-child-health-interventions-south-asia/ 
logger: acquire.go:143: #557 thread for https://data.unicef.org/country/arm/ 
logger: acquire.go:143: #455 thread for https://data.unicef.org/country/ken/ 
logger: acquire.go:143: #416 thread for https://data.unicef.org/topic/adolescents/hiv-aids/ 
logger: acquire.go:143: #558 thread for https://data.unicef.org/country/aus/ 
logger: acquire.go:143: #327 thread for https://data.unicef.org/resources/sustainable-elimination-of-iodine-deficiency/ 
logger: acquire.go:143: #456 thread for https://data.unicef.org/country/gnb/ 
logger: acquire.go:143: #417 thread for https://data.unicef.org/topic/gender/gender-and-hiv-aids/ 
logger: acquire.go:143: #479 thread for https://data.unicef.org/country/and/ 
logger: acquire.go:143: #418 thread for https://data.unicef.org/topic/hivaids/global-regional-trends/ 
logger: acquire.go:143: #376 thread for https://data.unicef.org/topic/adolescents/demographics/ 
logger: acquire.go:143: #559 thread for https://data.unicef.org/country/aze/ 
logger: acquire.go:143: #328 thread for https://data.unicef.org/resources/nutrition-data/ 
logger: acquire.go:143: #560 thread for https://data.unicef.org/country/bgd/ 
logger: acquire.go:143: #375 thread for https://data.unicef.org/topic/child-health/tuberculosis/ 
logger: acquire.go:143: #561 thread for https://data.unicef.org/country/bhr/ 
logger: acquire.go:143: #329 thread for https://data.unicef.org/resources/demographic-change-hiv-epidemic-projections-2050-ages-15-24/ 
logger: acquire.go:143: #379 thread for https://data.unicef.org/topic/nutrition/vitamin-a-deficiency/ 
logger: acquire.go:143: #377 thread for https://data.unicef.org/topic/child-protection/violence/ 
logger: acquire.go:143: #330 thread for https://data.unicef.org/resources/levels-and-trends-in-child-mortality-2018/ 
logger: acquire.go:143: #562 thread for https://data.unicef.org/country/bih/ 
logger: acquire.go:143: #378 thread for https://data.unicef.org/topic/education/primary-education/ 
logger: acquire.go:143: #480 thread for https://data.unicef.org/country/arg/ 
logger: acquire.go:143: #419 thread for https://data.unicef.org/topic/hivaids/adolescents-young-people/ 
logger: acquire.go:143: #331 thread for https://data.unicef.org/resources/trends-maternal-mortality-2000-2017/ 
logger: acquire.go:143: #563 thread for https://data.unicef.org/country/blz/ 
logger: acquire.go:143: #481 thread for https://data.unicef.org/country/atg/ 
logger: acquire.go:143: #564 thread for https://data.unicef.org/country/bra/ 
logger: acquire.go:143: #380 thread for https://data.unicef.org/topic/gender/maternal-health-gender/ 
logger: acquire.go:143: #482 thread for https://data.unicef.org/country/aut/ 
logger: acquire.go:143: #332 thread for https://data.unicef.org/resources/countdown-to-2030-ecd-country-profiles/ 
logger: acquire.go:143: #483 thread for https://data.unicef.org/country/bel/ 
logger: acquire.go:143: #500 thread for https://data.unicef.org/country/fra/ 
logger: acquire.go:143: #420 thread for https://data.unicef.org/topic/child-survival/child-survival-sdgs/ 
logger: acquire.go:143: #333 thread for https://data.unicef.org/resources/the-formative-years-unicefs-work-on-measuring-ecd/ 
logger: acquire.go:143: #565 thread for https://data.unicef.org/country/brn/ 
logger: acquire.go:143: #566 thread for https://data.unicef.org/country/can/ 
logger: acquire.go:143: #334 thread for https://data.unicef.org/resources/mics-education-analysis-for-global-learning-and-equity/ 
logger: acquire.go:143: #501 thread for https://data.unicef.org/country/gbr/ 
logger: acquire.go:143: #538 thread for https://data.unicef.org/country/slb/ 
logger: acquire.go:143: #484 thread for https://data.unicef.org/country/bgr/ 
logger: acquire.go:143: #668 thread for https://data.unicef.org/crvs/mozambique/ 
logger: acquire.go:143: #335 thread for https://data.unicef.org/resources/guidelines-adapting-foundational-module-non-mics/ 
logger: acquire.go:143: #485 thread for https://data.unicef.org/country/bhs/ 
logger: acquire.go:143: #421 thread for https://data.unicef.org/topic/child-survival/child-mortality-aged-5-14/ 
logger: acquire.go:143: #567 thread for https://data.unicef.org/country/chl/ 
logger: acquire.go:143: #486 thread for https://data.unicef.org/country/blr/ 
logger: acquire.go:143: #422 thread for https://data.unicef.org/topic/child-survival/under-five-mortality/ 
logger: acquire.go:143: #502 thread for https://data.unicef.org/country/gmb/ 
logger: acquire.go:143: #336 thread for https://data.unicef.org/resources/data-children-strategic-framework/ 
logger: acquire.go:143: #568 thread for https://data.unicef.org/country/cok/ 
logger: acquire.go:143: #423 thread for https://data.unicef.org/topic/maternal-health/maternal-mortality/ 
logger: acquire.go:143: #503 thread for https://data.unicef.org/country/grd/ 
logger: acquire.go:143: #337 thread for https://data.unicef.org/resources/child-marriage-among-boys-in-high-prevalence-countries/ 
logger: acquire.go:143: #570 thread for https://data.unicef.org/country/cyp/ 
logger: acquire.go:143: #487 thread for https://data.unicef.org/country/bol/ 
logger: acquire.go:143: #569 thread for https://data.unicef.org/country/cri/ 
logger: acquire.go:143: #488 thread for https://data.unicef.org/country/brb/ 
logger: acquire.go:143: #457 thread for https://data.unicef.org/country/gin/ 
logger: acquire.go:143: #458 thread for https://data.unicef.org/country/gab/ 
logger: acquire.go:143: #426 thread for https://data.unicef.org/topic/early-childhood-development/overview/ 
logger: acquire.go:143: #489 thread for https://data.unicef.org/country/btn/ 
logger: acquire.go:143: #424 thread for https://data.unicef.org/topic/child-survival/neonatal-mortality/ 
logger: acquire.go:143: #571 thread for https://data.unicef.org/country/deu/ 
logger: acquire.go:143: #425 thread for https://data.unicef.org/topic/early-childhood-development/early-childhood-education/ 
logger: acquire.go:143: #572 thread for https://data.unicef.org/country/dnk/ 
logger: acquire.go:143: #573 thread for https://data.unicef.org/country/dza/ 
logger: acquire.go:143: #490 thread for https://data.unicef.org/country/che/ 
logger: acquire.go:143: #574 thread for https://data.unicef.org/country/egy/ 
logger: acquire.go:143: #429 thread for https://data.unicef.org/topic/education/overview/ 
logger: acquire.go:143: #491 thread for https://data.unicef.org/country/chn/ 
logger: acquire.go:143: #427 thread for https://data.unicef.org/topic/early-childhood-development/development-status/ 
logger: acquire.go:143: #428 thread for https://data.unicef.org/topic/early-childhood-development/home-environment/ 
logger: acquire.go:143: #504 thread for https://data.unicef.org/country/guy/ 
logger: acquire.go:143: #459 thread for https://data.unicef.org/country/eth/ 
logger: acquire.go:143: #505 thread for https://data.unicef.org/country/hrv/ 
logger: acquire.go:143: #460 thread for https://data.unicef.org/country/eri/ 
logger: acquire.go:143: #506 thread for https://data.unicef.org/country/hun/ 
logger: acquire.go:143: #507 thread for https://data.unicef.org/country/ind/ 
logger: acquire.go:143: #575 thread for https://data.unicef.org/country/est/ 
logger: acquire.go:143: #461 thread for https://data.unicef.org/country/ben/ 
logger: acquire.go:143: #462 thread for https://data.unicef.org/country/bwa/ 
logger: acquire.go:143: #463 thread for https://data.unicef.org/country/bfa/ 
logger: acquire.go:143: #464 thread for https://data.unicef.org/country/bdi/ 
logger: acquire.go:143: #465 thread for https://data.unicef.org/country/cpv/ 
logger: acquire.go:143: #492 thread for https://data.unicef.org/country/col/ 
logger: acquire.go:143: #466 thread for https://data.unicef.org/country/cmr/ 
logger: acquire.go:143: #493 thread for https://data.unicef.org/country/cub/ 
logger: acquire.go:143: #467 thread for https://data.unicef.org/country/caf/ 
logger: acquire.go:143: #494 thread for https://data.unicef.org/country/cze/ 
logger: acquire.go:143: #468 thread for https://data.unicef.org/country/tcd/ 
logger: acquire.go:143: #495 thread for https://data.unicef.org/country/dma/ 
logger: acquire.go:143: #430 thread for https://data.unicef.org/topic/nutrition/iodine/ 
logger: acquire.go:143: #508 thread for https://data.unicef.org/country/irn/ 
logger: acquire.go:143: #509 thread for https://data.unicef.org/country/isl/ 
logger: acquire.go:143: #510 thread for https://data.unicef.org/country/ita/ 
logger: acquire.go:143: #511 thread for https://data.unicef.org/country/jor/ 
logger: acquire.go:143: #469 thread for https://data.unicef.org/country/com/ 
logger: acquire.go:143: #470 thread for https://data.unicef.org/country/cog/ 
logger: acquire.go:143: #471 thread for https://data.unicef.org/country/civ/ 
logger: acquire.go:143: #472 thread for https://data.unicef.org/country/dji/ 
logger: acquire.go:143: #512 thread for https://data.unicef.org/country/kaz/ 
logger: acquire.go:143: #513 thread for https://data.unicef.org/country/khm/ 
logger: acquire.go:143: #496 thread for https://data.unicef.org/country/dom/ 
logger: acquire.go:143: #497 thread for https://data.unicef.org/country/ecu/ 
logger: acquire.go:143: #498 thread for https://data.unicef.org/country/esp/ 
logger: acquire.go:143: #576 thread for https://data.unicef.org/country/fji/ 
logger: acquire.go:143: #515 thread for https://data.unicef.org/country/kwt/ 
logger: acquire.go:143: #499 thread for https://data.unicef.org/country/fin/ 
logger: acquire.go:143: #514 thread for https://data.unicef.org/country/kna/ 
logger: acquire.go:143: #517 thread for https://data.unicef.org/country/lca/ 
logger: acquire.go:143: #516 thread for https://data.unicef.org/country/lbn/ 
logger: acquire.go:143: #578 thread for https://data.unicef.org/country/geo/ 
logger: acquire.go:143: #577 thread for https://data.unicef.org/country/fsm/ 
logger: acquire.go:143: #579 thread for https://data.unicef.org/country/grc/ 
logger: acquire.go:143: #518 thread for https://data.unicef.org/country/lka/ 
logger: acquire.go:143: #580 thread for https://data.unicef.org/country/gtm/ 
logger: acquire.go:143: #582 thread for https://data.unicef.org/country/hti/ 
logger: acquire.go:143: #581 thread for https://data.unicef.org/country/hnd/ 
logger: acquire.go:143: #583 thread for https://data.unicef.org/country/idn/ 
logger: acquire.go:143: #519 thread for https://data.unicef.org/country/lux/ 
logger: acquire.go:143: #431 thread for https://data.unicef.org/topic/child-protection/child-labour/ 
logger: acquire.go:143: #520 thread for https://data.unicef.org/country/mar/ 
logger: acquire.go:143: #521 thread for https://data.unicef.org/country/mda/ 
logger: acquire.go:143: #432 thread for https://data.unicef.org/country/ 
logger: acquire.go:143: #434 thread for https://data.unicef.org/country/tza/ 
logger: acquire.go:143: #435 thread for https://data.unicef.org/country/zmb/ 
logger: acquire.go:143: #436 thread for https://data.unicef.org/country/uga/ 
logger: acquire.go:143: #433 thread for https://data.unicef.org/country/gha/ 
logger: acquire.go:143: #437 thread for https://data.unicef.org/country/zaf/ 
logger: acquire.go:143: #438 thread for https://data.unicef.org/country/tgo/ 
logger: acquire.go:143: #584 thread for https://data.unicef.org/country/irl/ 
logger: acquire.go:143: #439 thread for https://data.unicef.org/country/sdn/ 
logger: acquire.go:143: #440 thread for https://data.unicef.org/country/som/ 
logger: acquire.go:143: #522 thread for https://data.unicef.org/country/mex/ 
logger: acquire.go:143: #441 thread for https://data.unicef.org/country/sle/ 
logger: acquire.go:143: #585 thread for https://data.unicef.org/country/irq/ 
logger: acquire.go:143: #442 thread for https://data.unicef.org/country/sen/ 
logger: acquire.go:143: #586 thread for https://data.unicef.org/country/isr/ 
logger: acquire.go:143: #443 thread for https://data.unicef.org/country/stp/ 
logger: acquire.go:143: #524 thread for https://data.unicef.org/country/mmr/ 
logger: acquire.go:143: #525 thread for https://data.unicef.org/country/mng/ 
logger: acquire.go:143: #523 thread for https://data.unicef.org/country/mkd/ 
logger: acquire.go:143: #526 thread for https://data.unicef.org/country/mys/ 
logger: acquire.go:143: #527 thread for https://data.unicef.org/country/niu/ 
logger: acquire.go:143: #528 thread for https://data.unicef.org/country/nor/ 
logger: acquire.go:143: #529 thread for https://data.unicef.org/country/nru/ 
logger: acquire.go:143: #587 thread for https://data.unicef.org/country/jam/ 
logger: acquire.go:143: #588 thread for https://data.unicef.org/country/jpn/ 
logger: acquire.go:143: #589 thread for https://data.unicef.org/country/kgz/ 
logger: acquire.go:143: #590 thread for https://data.unicef.org/country/kir/ 
logger: acquire.go:143: #591 thread for https://data.unicef.org/country/kor/ 
logger: acquire.go:143: #593 thread for https://data.unicef.org/country/lby/ 
logger: acquire.go:143: #592 thread for https://data.unicef.org/country/lao/ 
logger: acquire.go:143: #530 thread for https://data.unicef.org/country/omn/ 
logger: acquire.go:143: #594 thread for https://data.unicef.org/country/lie/ 
logger: acquire.go:143: #596 thread for https://data.unicef.org/country/lva/ 
logger: acquire.go:143: #595 thread for https://data.unicef.org/country/ltu/ 
logger: acquire.go:143: #597 thread for https://data.unicef.org/country/mco/ 
logger: acquire.go:143: #532 thread for https://data.unicef.org/country/phl/ 
logger: acquire.go:143: #533 thread for https://data.unicef.org/country/png/ 
logger: acquire.go:143: #531 thread for https://data.unicef.org/country/pan/ 
logger: acquire.go:143: #534 thread for https://data.unicef.org/country/prk/ 
logger: acquire.go:143: #598 thread for https://data.unicef.org/country/mdv/ 
logger: acquire.go:143: #535 thread for https://data.unicef.org/country/pse/ 
logger: acquire.go:143: #536 thread for https://data.unicef.org/country/rou/ 
logger: acquire.go:143: #599 thread for https://data.unicef.org/country/mhl/ 
logger: acquire.go:143: #602 thread for https://data.unicef.org/country/mus/ 
logger: acquire.go:143: #600 thread for https://data.unicef.org/country/mlt/ 
logger: acquire.go:143: #601 thread for https://data.unicef.org/country/mne/ 
logger: acquire.go:143: #537 thread for https://data.unicef.org/country/sau/ 
logger: acquire.go:143: #604 thread for https://data.unicef.org/country/nld/ 
logger: acquire.go:143: #603 thread for https://data.unicef.org/country/nic/ 
logger: acquire.go:143: #606 thread for https://data.unicef.org/country/nzl/ 
logger: acquire.go:143: #608 thread for https://data.unicef.org/country/per/ 
logger: acquire.go:143: #605 thread for https://data.unicef.org/country/npl/ 
logger: acquire.go:143: #607 thread for https://data.unicef.org/country/pak/ 
logger: acquire.go:143: #611 thread for https://data.unicef.org/country/pry/ 
logger: acquire.go:143: #609 thread for https://data.unicef.org/country/plw/ 
logger: acquire.go:143: #612 thread for https://data.unicef.org/country/qat/ 
logger: acquire.go:143: #610 thread for https://data.unicef.org/country/pol/ 
logger: acquire.go:143: #613 thread for https://data.unicef.org/country/rus/ 
logger: acquire.go:143: #614 thread for https://data.unicef.org/country/sgp/ 
logger: acquire.go:143: #616 thread for https://data.unicef.org/country/srb/ 
logger: acquire.go:143: #615 thread for https://data.unicef.org/country/slv/ 
logger: acquire.go:143: #618 thread for https://data.unicef.org/country/svn/ 
logger: acquire.go:143: #617 thread for https://data.unicef.org/country/sur/ 
logger: acquire.go:143: #620 thread for https://data.unicef.org/country/tha/ 
logger: acquire.go:143: #619 thread for https://data.unicef.org/country/syc/ 
logger: acquire.go:143: #621 thread for https://data.unicef.org/country/tkm/ 
logger: acquire.go:143: #622 thread for https://data.unicef.org/country/ton/ 
logger: acquire.go:143: #623 thread for https://data.unicef.org/country/tun/ 
logger: acquire.go:143: #624 thread for https://data.unicef.org/country/tuv/ 
logger: acquire.go:143: #626 thread for https://data.unicef.org/country/uzb/ 
logger: acquire.go:143: #625 thread for https://data.unicef.org/country/ury/ 
logger: acquire.go:143: #628 thread for https://data.unicef.org/country/wsm/ 
logger: acquire.go:143: #630 thread for https://data.unicef.org/crvs/sudan/ 
logger: acquire.go:143: #627 thread for https://data.unicef.org/country/vnm/ 
logger: acquire.go:143: #631 thread for https://data.unicef.org/crvs/eritrea/ 
logger: acquire.go:143: #633 thread for https://data.unicef.org/crvs/central-african-republic/ 
logger: acquire.go:143: #632 thread for https://data.unicef.org/crvs/united-republic-tanzania/ 
logger: acquire.go:143: #634 thread for https://data.unicef.org/crvs/botswana/ 
logger: acquire.go:143: #629 thread for https://data.unicef.org/crvs/ 
logger: acquire.go:143: #642 thread for https://data.unicef.org/crvs/namibia/ 
logger: acquire.go:143: #636 thread for https://data.unicef.org/crvs/djibouti/ 
logger: acquire.go:143: #639 thread for https://data.unicef.org/crvs/malawi/ 
logger: acquire.go:143: #638 thread for https://data.unicef.org/crvs/ethiopia/ 
logger: acquire.go:143: #637 thread for https://data.unicef.org/crvs/congo/ 
logger: acquire.go:143: #635 thread for https://data.unicef.org/crvs/somalia/ 
logger: acquire.go:143: #640 thread for https://data.unicef.org/crvs/ghana/ 
logger: acquire.go:143: #651 thread for https://data.unicef.org/crvs/swaziland/ 
logger: acquire.go:143: #641 thread for https://data.unicef.org/crvs/togo/ 
logger: acquire.go:143: #643 thread for https://data.unicef.org/crvs/gabon/ 
logger: acquire.go:143: #644 thread for https://data.unicef.org/crvs/lesotho/ 
logger: acquire.go:143: #645 thread for https://data.unicef.org/crvs/nigeria/ 
logger: acquire.go:143: #646 thread for https://data.unicef.org/crvs/sao-tome-principe/ 
logger: acquire.go:143: #647 thread for https://data.unicef.org/crvs/guinea/ 
logger: acquire.go:143: #649 thread for https://data.unicef.org/crvs/chad/ 
logger: acquire.go:143: #648 thread for https://data.unicef.org/crvs/madagascar/ 
logger: acquire.go:143: #650 thread for https://data.unicef.org/crvs/sierra-leone/ 
logger: acquire.go:143: #654 thread for https://data.unicef.org/crvs/zimbabwe/ 
logger: acquire.go:143: #652 thread for https://data.unicef.org/crvs/zambia/ 
logger: acquire.go:143: #653 thread for https://data.unicef.org/crvs/uganda/ 
logger: acquire.go:143: #655 thread for https://data.unicef.org/crvs/south-africa/ 
logger: acquire.go:143: #658 thread for https://data.unicef.org/crvs/equatorial-guinea/ 
logger: acquire.go:143: #657 thread for https://data.unicef.org/crvs/democratic-republic-congo/ 
logger: acquire.go:143: #659 thread for https://data.unicef.org/crvs/liberia/ 
logger: acquire.go:143: #656 thread for https://data.unicef.org/crvs/cote-divoire/ 
logger: acquire.go:143: #661 thread for https://data.unicef.org/crvs/mali/ 
logger: acquire.go:143: #662 thread for https://data.unicef.org/crvs/mauritania/ 
logger: acquire.go:143: #663 thread for https://data.unicef.org/crvs/senegal/ 
logger: acquire.go:143: #664 thread for https://data.unicef.org/crvs/gambia/ 
logger: acquire.go:143: #660 thread for https://data.unicef.org/crvs/kenya/ 
logger: acquire.go:143: #666 thread for https://data.unicef.org/crvs/rwanda/ 
logger: acquire.go:143: #665 thread for https://data.unicef.org/crvs/guinea-bissau/ 
logger: acquire.go:143: #669 thread for https://data.unicef.org/crvs/comoros/ 
logger: acquire.go:143: #670 thread for https://data.unicef.org/crvs/burundi/ 
logger: acquire.go:143: #667 thread for https://data.unicef.org/crvs/niger/ 
logger: acquire.go:143: #671 thread for https://data.unicef.org/crvs/angola/ 
logger: acquire.go:143: #672 thread for https://data.unicef.org/crvs/benin/ 
logger: acquire.go:143: #732 thread for https://data.unicef.org/resources/resource-topic/iodine/ 
logger: acquire.go:143: #673 thread for https://data.unicef.org/crvs/burkina-faso/ 
logger: acquire.go:143: #713 thread for https://data.unicef.org/resources/resource-type/country-profiles/ 
logger: acquire.go:143: #712 thread for https://data.unicef.org/resources/resource-type/brochures/ 
logger: acquire.go:143: #731 thread for https://data.unicef.org/resources/resource-topic/infant-and-young-child-feeding/ 
logger: acquire.go:143: #741 thread for https://data.unicef.org/resources/resource-topic/protection/ 
logger: acquire.go:143: #714 thread for https://data.unicef.org/resources/resource-type/datasets/ 
logger: acquire.go:143: #742 thread for https://data.unicef.org/resources/resource-topic/refugees-and-migrants/ 
logger: acquire.go:143: #733 thread for https://data.unicef.org/resources/resource-topic/malnutrition/ 
logger: acquire.go:143: #740 thread for https://data.unicef.org/resources/resource-topic/pneumonia/ 
logger: acquire.go:143: #734 thread for https://data.unicef.org/resources/resource-topic/maternal-health/ 
logger: acquire.go:143: #716 thread for https://data.unicef.org/resources/resource-type/interactive-data-visualizations/ 
logger: acquire.go:143: #715 thread for https://data.unicef.org/resources/resource-type/guidance/ 
logger: acquire.go:143: #735 thread for https://data.unicef.org/resources/resource-topic/maternal-mortality/ 
logger: acquire.go:143: #736 thread for https://data.unicef.org/resources/resource-topic/migration/ 
logger: acquire.go:143: #717 thread for https://data.unicef.org/resources/resource-type/journal-articles/ 
logger: acquire.go:143: #737 thread for https://data.unicef.org/resources/resource-topic/mortality/ 
logger: acquire.go:143: #725 thread for https://data.unicef.org/resources/resource-topic/education/ 
logger: acquire.go:143: #724 thread for https://data.unicef.org/resources/resource-topic/early-childhood-development/ 
logger: acquire.go:143: #718 thread for https://data.unicef.org/resources/resource-type/multimedia/ 
logger: acquire.go:143: #726 thread for https://data.unicef.org/resources/resource-topic/female-genital-mutilation/ 
logger: acquire.go:143: #727 thread for https://data.unicef.org/resources/resource-topic/gender/ 
logger: acquire.go:143: #719 thread for https://data.unicef.org/resources/resource-type/publications/ 
logger: acquire.go:143: #720 thread for https://data.unicef.org/resources/resource-topic/adolescents/ 
logger: acquire.go:143: #738 thread for https://data.unicef.org/resources/resource-topic/newborn-care/ 
logger: acquire.go:143: #722 thread for https://data.unicef.org/resources/resource-topic/diarrhoea/ 
logger: acquire.go:143: #739 thread for https://data.unicef.org/resources/resource-topic/nutrition/ 
logger: acquire.go:143: #721 thread for https://data.unicef.org/resources/resource-topic/child-marriage/ 
logger: acquire.go:143: #746 thread for https://data.unicef.org/resources/resource-topic/violence/ 
logger: acquire.go:143: #723 thread for https://data.unicef.org/resources/resource-topic/disability/ 
logger: acquire.go:143: #744 thread for https://data.unicef.org/resources/resource-topic/survival/ 
logger: acquire.go:143: #745 thread for https://data.unicef.org/resources/resource-topic/tuberculosis/ 
logger: acquire.go:143: #743 thread for https://data.unicef.org/resources/resource-topic/sdgs/ 
logger: acquire.go:143: #747 thread for https://data.unicef.org/resources/resource-topic/vitamin-a/ 
logger: acquire.go:143: #748 thread for https://data.unicef.org/resources/resource-topic/water-and-sanitation/ 
logger: acquire.go:143: #730 thread for https://data.unicef.org/resources/resource-topic/immunization/ 
logger: acquire.go:143: #728 thread for https://data.unicef.org/resources/resource-topic/health/ 
logger: acquire.go:143: #729 thread for https://data.unicef.org/resources/resource-topic/hivaids/ 
logger: acquire.go:143: #674 thread for https://data.unicef.org/crvs/cameroon/ 
logger: acquire.go:143: #711 thread for https://data.unicef.org/resources/category/uncategorized/ 
logger: acquire.go:143: #676 thread for https://data.unicef.org/resources/dataset/ 
logger: acquire.go:143: #675 thread for https://data.unicef.org/crvs/cabo-verde/ 
logger: acquire.go:143: #677 thread for https://data.unicef.org/resources/dataset/violence-data/ 
logger: acquire.go:143: #678 thread for https://data.unicef.org/resources/dataset/secondary-education-data/ 
logger: acquire.go:143: #679 thread for https://data.unicef.org/resources/dataset/percentage-children-age-5-whose-births-registered-sex-place-residence-household-wealth-quintile/ 
logger: acquire.go:143: #680 thread for https://data.unicef.org/resources/dataset/percentage-children-aged-5-14-years-engaged-child-labour-sex-place-residence-household-wealth-quintile/ 
logger: acquire.go:143: #681 thread for https://data.unicef.org/resources/dataset/education-literacy-data/ 
logger: acquire.go:143: #682 thread for https://data.unicef.org/resources/dataset/number-neonatal-deaths/ 
logger: acquire.go:143: #684 thread for https://data.unicef.org/resources/dataset/maternal-health-data/ 
logger: acquire.go:143: #683 thread for https://data.unicef.org/resources/dataset/post-natal-health-check-mother-nov-2016/ 
logger: acquire.go:143: #685 thread for https://data.unicef.org/resources/dataset/attitudes-and-social-norms-on-violence/ 
logger: acquire.go:143: #686 thread for https://data.unicef.org/resources/dataset/gender-and-education-data/ 
logger: acquire.go:143: #687 thread for https://data.unicef.org/resources/dataset/gender-and-hiv-data/ 
logger: acquire.go:143: #688 thread for https://data.unicef.org/resources/dataset/child-protection-data/ 
logger: acquire.go:143: #689 thread for https://data.unicef.org/resources/dataset/home-environment/ 
logger: acquire.go:143: #690 thread for https://data.unicef.org/resources/dataset/early-childhood-education/ 
logger: acquire.go:143: #691 thread for https://data.unicef.org/resources/dataset/child-marriage/ 
logger: acquire.go:143: #692 thread for https://data.unicef.org/resources/dataset/antenatal-care/ 
logger: acquire.go:143: #693 thread for https://data.unicef.org/resources/dataset/diarrhoea/ 
logger: acquire.go:143: #694 thread for https://data.unicef.org/resources/dataset/malaria/ 
logger: acquire.go:143: #695 thread for https://data.unicef.org/resources/dataset/fgm/ 
logger: acquire.go:143: #696 thread for https://data.unicef.org/resources/dataset/migration/ 
logger: acquire.go:143: #697 thread for https://data.unicef.org/resources/dataset/primary-education-data/ 
logger: acquire.go:143: #698 thread for https://data.unicef.org/resources/dataset/vitamin-supplementation/ 
logger: acquire.go:143: #699 thread for https://data.unicef.org/resources/dataset/malnutrition-data/ 
logger: acquire.go:143: #700 thread for https://data.unicef.org/resources/dataset/delivery-care/ 
logger: acquire.go:143: #701 thread for https://data.unicef.org/resources/dataset/low-birthweight-data/ 
logger: acquire.go:143: #702 thread for https://data.unicef.org/resources/dataset/infant-young-child-feeding/ 
logger: acquire.go:143: #703 thread for https://data.unicef.org/resources/dataset/immunization/ 
logger: acquire.go:143: #704 thread for https://data.unicef.org/resources/dataset/hiv-aids-statistical-tables/ 
logger: acquire.go:143: #705 thread for https://data.unicef.org/resources/dataset/symptoms-pneumonia-careseeking/ 
logger: acquire.go:143: #706 thread for https://data.unicef.org/resources/dataset/adolescent-maternal-health-indicators/ 
logger: acquire.go:143: #707 thread for https://data.unicef.org/resources/dataset/maternal-mortality-data/ 
logger: acquire.go:143: #708 thread for https://data.unicef.org/resources/dataset/child-mortality/ 
logger: acquire.go:143: #709 thread for https://data.unicef.org/resources/dataset/iodized-salt-consumption/ 
logger: acquire.go:143: #710 thread for https://data.unicef.org/resources/category/sdg/ 
