logger: acquire.go:143: #8 thread for https://thredds-test.unidata.ucar.edu/thredds/catalog/grib/NCEP/GFS/Global_onedeg/catalog.html?dataset=grib/NCEP/GFS/Global_onedeg/Best 
logger: acquire.go:143: #6 thread for https://thredds-test.unidata.ucar.edu/thredds/catalog/grib/NCEP/GFS/Global_0p5deg/catalog.html?dataset=grib/NCEP/GFS/Global_0p5deg/Best 
logger: acquire.go:143: #4 thread for https://thredds-test.unidata.ucar.edu/thredds/catalog/grib/NCEP/GFS/Global_0p25deg/catalog.html?dataset=grib/NCEP/GFS/Global_0p25deg/Best 
logger: acquire.go:143: #64 thread for https://thredds-test.unidata.ucar.edu/thredds/catalog/grib/HRRR/CONUS_3km/surface/catalog.html?dataset=grib/HRRR/CONUS_3km/surface/Best 
logger: acquire.go:143: #3 thread for https://thredds-test.unidata.ucar.edu/thredds/catalog/grib/NCEP/GFS/Global_0p25deg_ana/catalog.html?dataset=grib/NCEP/GFS/Global_0p25deg_ana/TP 
logger: acquire.go:143: #2 thread for https://thredds-test.unidata.ucar.edu/thredds/catalog/grib/NCEP/GEFS/Global_1p0deg_Ensemble/derived/catalog.html?dataset=grib/NCEP/GEFS/Global_1p0deg_Ensemble/derived/Best 
logger: acquire.go:143: #0 thread for https://thredds-test.unidata.ucar.edu/thredds/catalog/grib/NCEP/GEFS/Global_1p0deg_Ensemble/members-analysis/catalog.html?dataset=grib/NCEP/GEFS/Global_1p0deg_Ensemble/members-analysis/TP 
logger: acquire.go:143: #5 thread for https://thredds-test.unidata.ucar.edu/thredds/catalog/grib/NCEP/GFS/Global_0p5deg_ana/catalog.html?dataset=grib/NCEP/GFS/Global_0p5deg_ana/TP 
logger: acquire.go:143: #9 thread for https://thredds-test.unidata.ucar.edu/thredds/catalog/grib/NCEP/GFS/Pacific_40km/catalog.html?dataset=grib/NCEP/GFS/Pacific_40km/Best 
logger: acquire.go:143: #7 thread for https://thredds-test.unidata.ucar.edu/thredds/catalog/grib/NCEP/GFS/Global_onedeg_ana/catalog.html?dataset=grib/NCEP/GFS/Global_onedeg_ana/TP 
logger: acquire.go:143: #10 thread for https://thredds-test.unidata.ucar.edu/thredds/catalog/grib/NCEP/GFS/Puerto_Rico_0p5deg/catalog.html?dataset=grib/NCEP/GFS/Puerto_Rico_0p5deg/Best 
logger: acquire.go:143: #1 thread for https://thredds-test.unidata.ucar.edu/thredds/catalog/grib/NCEP/GEFS/Global_1p0deg_Ensemble/members/catalog.html?dataset=grib/NCEP/GEFS/Global_1p0deg_Ensemble/members/Best 
logger: acquire.go:143: #12 thread for https://thredds-test.unidata.ucar.edu/thredds/catalog/grib/NCEP/GFS/CONUS_95km/catalog.html?dataset=grib/NCEP/GFS/CONUS_95km/Best 
logger: acquire.go:143: #11 thread for https://thredds-test.unidata.ucar.edu/thredds/catalog/grib/NCEP/GFS/CONUS_80km/catalog.html?dataset=grib/NCEP/GFS/CONUS_80km/Best 
logger: acquire.go:143: #13 thread for https://thredds-test.unidata.ucar.edu/thredds/catalog/grib/NCEP/HRRR/CONUS_2p5km_ANA/catalog.html?dataset=grib/NCEP/HRRR/CONUS_2p5km_ANA/TP 
logger: acquire.go:143: #14 thread for https://thredds-test.unidata.ucar.edu/thredds/catalog/grib/NCEP/HRRR/CONUS_2p5km/catalog.html?dataset=grib/NCEP/HRRR/CONUS_2p5km/Best 
logger: acquire.go:143: #17 thread for https://thredds-test.unidata.ucar.edu/thredds/catalog/grib/NCEP/NAM/Alaska_45km/conduit/catalog.html?dataset=grib/NCEP/NAM/Alaska_45km/conduit/Best 
logger: acquire.go:143: #18 thread for https://thredds-test.unidata.ucar.edu/thredds/catalog/grib/NCEP/NAM/Alaska_95km/catalog.html?dataset=grib/NCEP/NAM/Alaska_95km/Best 
logger: acquire.go:143: #15 thread for https://thredds-test.unidata.ucar.edu/thredds/catalog/grib/NCEP/NAM/Alaska_11km/catalog.html?dataset=grib/NCEP/NAM/Alaska_11km/Best 
logger: acquire.go:143: #16 thread for https://thredds-test.unidata.ucar.edu/thredds/catalog/grib/NCEP/NAM/Alaska_45km/noaaport/catalog.html?dataset=grib/NCEP/NAM/Alaska_45km/noaaport/Best 
logger: acquire.go:143: #21 thread for https://thredds-test.unidata.ucar.edu/thredds/catalog/grib/NCEP/NAM/CONUS_20km/noaaport/catalog.html?dataset=grib/NCEP/NAM/CONUS_20km/noaaport/Best 
logger: acquire.go:143: #19 thread for https://thredds-test.unidata.ucar.edu/thredds/catalog/grib/NCEP/NAM/CONUS_12km/catalog.html?dataset=grib/NCEP/NAM/CONUS_12km/Best 
logger: acquire.go:143: #22 thread for https://thredds-test.unidata.ucar.edu/thredds/catalog/grib/NCEP/NAM/CONUS_40km/conduit/catalog.html?dataset=grib/NCEP/NAM/CONUS_40km/conduit/Best 
logger: acquire.go:143: #20 thread for https://thredds-test.unidata.ucar.edu/thredds/catalog/grib/NCEP/NAM/CONUS_12km/conduit/catalog.html?dataset=grib/NCEP/NAM/CONUS_12km/conduit/Best 
logger: acquire.go:143: #23 thread for https://thredds-test.unidata.ucar.edu/thredds/catalog/grib/NCEP/NAM/CONUS_80km/catalog.html?dataset=grib/NCEP/NAM/CONUS_80km/Best 
logger: acquire.go:143: #24 thread for https://thredds-test.unidata.ucar.edu/thredds/catalog/grib/NCEP/NAM/Polar_90km/catalog.html?dataset=grib/NCEP/NAM/Polar_90km/Best 
logger: acquire.go:143: #25 thread for https://thredds-test.unidata.ucar.edu/thredds/catalog/grib/NCEP/RAP/CONUS_13km/catalog.html?dataset=grib/NCEP/RAP/CONUS_13km/Best 
logger: acquire.go:143: #28 thread for https://thredds-test.unidata.ucar.edu/thredds/catalog/grib/NCEP/SREF/CONUS_40km/ensprod/catalog.html?dataset=grib/NCEP/SREF/CONUS_40km/ensprod/Best 
logger: acquire.go:143: #26 thread for https://thredds-test.unidata.ucar.edu/thredds/catalog/grib/NCEP/RAP/CONUS_20km/catalog.html?dataset=grib/NCEP/RAP/CONUS_20km/Best 
logger: acquire.go:143: #27 thread for https://thredds-test.unidata.ucar.edu/thredds/catalog/grib/NCEP/RAP/CONUS_40km/catalog.html?dataset=grib/NCEP/RAP/CONUS_40km/Best 
logger: acquire.go:143: #30 thread for https://thredds-test.unidata.ucar.edu/thredds/catalog/grib/NCEP/SREF/Alaska_45km/ensprod/catalog.html?dataset=grib/NCEP/SREF/Alaska_45km/ensprod/Best 
logger: acquire.go:143: #32 thread for https://thredds-test.unidata.ucar.edu/thredds/catalog/grib/NCEP/WW3/Global/catalog.html?dataset=grib/NCEP/WW3/Global/Best 
logger: acquire.go:143: #29 thread for https://thredds-test.unidata.ucar.edu/thredds/catalog/grib/NCEP/SREF/CONUS_40km/ensprod_biasc/catalog.html?dataset=grib/NCEP/SREF/CONUS_40km/ensprod_biasc/Best 
logger: acquire.go:143: #40 thread for https://thredds-test.unidata.ucar.edu/thredds/catalog/grib/FNMOC/NAVGEM/Global_0p5deg/catalog.html?dataset=grib/FNMOC/NAVGEM/Global_0p5deg/Best 
logger: acquire.go:143: #41 thread for https://thredds-test.unidata.ucar.edu/thredds/catalog/grib/FNMOC/WW3/Global_1p0deg/catalog.html?dataset=grib/FNMOC/WW3/Global_1p0deg/Best 
logger: acquire.go:143: #31 thread for https://thredds-test.unidata.ucar.edu/thredds/catalog/grib/NCEP/SREF/PacificNE_0p4/ensprod/catalog.html?dataset=grib/NCEP/SREF/PacificNE_0p4/ensprod/Best 
logger: acquire.go:143: #42 thread for https://thredds-test.unidata.ucar.edu/thredds/catalog/grib/FNMOC/WW3/Europe/catalog.html?dataset=grib/FNMOC/WW3/Europe/Best 
logger: acquire.go:143: #43 thread for https://thredds-test.unidata.ucar.edu/thredds/catalog/grib/FNMOC/FAROP/Global_1p0deg/catalog.html?dataset=grib/FNMOC/FAROP/Global_1p0deg/Best 
logger: acquire.go:143: #44 thread for https://thredds-test.unidata.ucar.edu/thredds/catalog/grib/FNMOC/COAMPS/Western_Atlantic/catalog.html?dataset=grib/FNMOC/COAMPS/Western_Atlantic/Best 
logger: acquire.go:143: #33 thread for https://thredds-test.unidata.ucar.edu/thredds/catalog/grib/NCEP/WW3/Regional_Alaska/catalog.html?dataset=grib/NCEP/WW3/Regional_Alaska/Best 
logger: acquire.go:143: #35 thread for https://thredds-test.unidata.ucar.edu/thredds/catalog/grib/NCEP/WW3/Regional_Eastern_Pacific/catalog.html?dataset=grib/NCEP/WW3/Regional_Eastern_Pacific/Best 
logger: acquire.go:143: #46 thread for https://thredds-test.unidata.ucar.edu/thredds/catalog/grib/FNMOC/COAMPS/Equatorial_America/catalog.html?dataset=grib/FNMOC/COAMPS/Equatorial_America/Best 
logger: acquire.go:143: #45 thread for https://thredds-test.unidata.ucar.edu/thredds/catalog/grib/FNMOC/COAMPS/Europe/catalog.html?dataset=grib/FNMOC/COAMPS/Europe/Best 
logger: acquire.go:143: #34 thread for https://thredds-test.unidata.ucar.edu/thredds/catalog/grib/NCEP/WW3/Coastal_Alaska/catalog.html?dataset=grib/NCEP/WW3/Coastal_Alaska/Best 
logger: acquire.go:143: #47 thread for https://thredds-test.unidata.ucar.edu/thredds/catalog/grib/FNMOC/COAMPS/Northeast_Pacific/catalog.html?dataset=grib/FNMOC/COAMPS/Northeast_Pacific/Best 
logger: acquire.go:143: #36 thread for https://thredds-test.unidata.ucar.edu/thredds/catalog/grib/NCEP/WW3/Regional_US_East_Coast/catalog.html?dataset=grib/NCEP/WW3/Regional_US_East_Coast/Best 
logger: acquire.go:143: #38 thread for https://thredds-test.unidata.ucar.edu/thredds/catalog/grib/NCEP/WW3/Coastal_US_East_Coast/catalog.html?dataset=grib/NCEP/WW3/Coastal_US_East_Coast/Best 
logger: acquire.go:143: #37 thread for https://thredds-test.unidata.ucar.edu/thredds/catalog/grib/NCEP/WW3/Regional_US_West_Coast/catalog.html?dataset=grib/NCEP/WW3/Regional_US_West_Coast/Best 
logger: acquire.go:143: #49 thread for https://thredds-test.unidata.ucar.edu/thredds/catalog/grib/FNMOC/NCODA/Global_Ocean/catalog.html?dataset=grib/FNMOC/NCODA/Global_Ocean/TP 
logger: acquire.go:143: #48 thread for https://thredds-test.unidata.ucar.edu/thredds/catalog/grib/FNMOC/COAMPS/Southern_California/catalog.html?dataset=grib/FNMOC/COAMPS/Southern_California/Best 
logger: acquire.go:143: #39 thread for https://thredds-test.unidata.ucar.edu/thredds/catalog/grib/NCEP/WW3/Coastal_US_West_Coast/catalog.html?dataset=grib/NCEP/WW3/Coastal_US_West_Coast/Best 
logger: acquire.go:143: #50 thread for https://thredds-test.unidata.ucar.edu/thredds/catalog/grib/NCEP/NDFD/NWS/CONUS/NOAAPORT/catalog.html?dataset=grib/NCEP/NDFD/NWS/CONUS/NOAAPORT/Best 
logger: acquire.go:143: #51 thread for https://thredds-test.unidata.ucar.edu/thredds/catalog/grib/NCEP/NDFD/NWS/CONUS/CONDUIT/catalog.html?dataset=grib/NCEP/NDFD/NWS/CONUS/CONDUIT/Best 
logger: acquire.go:143: #52 thread for https://thredds-test.unidata.ucar.edu/thredds/catalog/grib/NCEP/NDFD/SPC/CONUS/catalog.html?dataset=grib/NCEP/NDFD/SPC/CONUS/Best 
logger: acquire.go:143: #53 thread for https://thredds-test.unidata.ucar.edu/thredds/catalog/grib/NCEP/NDFD/CPC/CONUS/catalog.html?dataset=grib/NCEP/NDFD/CPC/CONUS/TP 
logger: acquire.go:143: #57 thread for https://thredds-test.unidata.ucar.edu/thredds/catalog/grib/NCEP/MRMS/Model/catalog.html?dataset=grib/NCEP/MRMS/Model/TP 
logger: acquire.go:143: #56 thread for https://thredds-test.unidata.ucar.edu/thredds/catalog/grib/NCEP/MRMS/BaseRef/catalog.html?dataset=grib/NCEP/MRMS/BaseRef/TP 
logger: acquire.go:143: #54 thread for https://thredds-test.unidata.ucar.edu/thredds/catalog/grib/NCEP/RTMA/CONUS_2p5km/catalog.html?dataset=grib/NCEP/RTMA/CONUS_2p5km/Best 
logger: acquire.go:143: #55 thread for https://thredds-test.unidata.ucar.edu/thredds/catalog/grib/NCEP/RTMA/GUAM_2p5km/catalog.html?dataset=grib/NCEP/RTMA/GUAM_2p5km/TP 
logger: acquire.go:143: #59 thread for https://thredds-test.unidata.ucar.edu/thredds/catalog/grib/NCEP/MRMS/Precip/catalog.html?dataset=grib/NCEP/MRMS/Precip/TP 
logger: acquire.go:143: #58 thread for https://thredds-test.unidata.ucar.edu/thredds/catalog/grib/NCEP/MRMS/NLDN/catalog.html?dataset=grib/NCEP/MRMS/NLDN/TP 
logger: acquire.go:143: #60 thread for https://thredds-test.unidata.ucar.edu/thredds/catalog/grib/NCEP/MRMS/Radar/catalog.html?dataset=grib/NCEP/MRMS/Radar/TP 
logger: acquire.go:143: #61 thread for https://thredds-test.unidata.ucar.edu/thredds/catalog/grib/NCEP/MRMS/RotationTrack/catalog.html?dataset=grib/NCEP/MRMS/RotationTrack/TP 
logger: acquire.go:143: #63 thread for https://thredds-test.unidata.ucar.edu/thredds/catalog/grib/HRRR/CONUS_3km/wrfprs/catalog.html?dataset=grib/HRRR/CONUS_3km/wrfprs/Best 
logger: acquire.go:143: #62 thread for https://thredds-test.unidata.ucar.edu/thredds/catalog/grib/NCEP/MRMS/RotationTrackML/catalog.html?dataset=grib/NCEP/MRMS/RotationTrackML/TP 
