logger: acquire.go:144: #2 thread for http://ds.iris.edu/ds/products/eventplots/ 
logger: acquire.go:144: #27 thread for http://ds.iris.edu/ds/products/stationdigest/ 
logger: acquire.go:144: #8 thread for http://ds.iris.edu/ds/products/infrasound/ 
logger: acquire.go:144: #0 thread for http://ds.iris.edu/ds/products/ 
logger: acquire.go:144: #9 thread for http://ds.iris.edu/ds/products/aswms/ 
logger: acquire.go:144: #3 thread for http://ds.iris.edu/ds/products/syngine/ 
logger: acquire.go:144: #4 thread for http://ds.iris.edu/ds/products/gmv/ 
logger: acquire.go:144: #1 thread for http://ds.iris.edu/ds/products/emc/ 
logger: acquire.go:144: #6 thread for http://ds.iris.edu/ds/products/globalstacks/ 
logger: acquire.go:144: #5 thread for http://ds.iris.edu/ds/products/backprojection/ 
logger: acquire.go:144: #11 thread for http://ds.iris.edu/ds/products/aftershocks/ 
logger: acquire.go:144: #7 thread for http://ds.iris.edu/ds/products/esec/ 
logger: acquire.go:144: #10 thread for http://ds.iris.edu/ds/products/sws-dbs/ 
logger: acquire.go:144: #12 thread for http://ds.iris.edu/ds/products/ears/ 
logger: acquire.go:144: #13 thread for http://ds.iris.edu/ds/products/envelopefunctions/ 
logger: acquire.go:144: #14 thread for http://ds.iris.edu/ds/products/eqenergy/ 
logger: acquire.go:144: #15 thread for http://ds.iris.edu/ds/products/sourcetimefunction/ 
logger: acquire.go:144: #22 thread for http://ds.iris.edu/ds/products/seissound/ 
logger: acquire.go:144: #25 thread for http://ds.iris.edu/ds/products/filmchip/ 
logger: acquire.go:144: #16 thread for http://ds.iris.edu/ds/products/shakemoviesynthetics/ 
logger: acquire.go:144: #20 thread for http://ds.iris.edu/ds/products/emtf/ 
logger: acquire.go:144: #23 thread for http://ds.iris.edu/ds/products/emerald/ 
logger: acquire.go:144: #18 thread for http://ds.iris.edu/ds/products/ancc-ciei/ 
logger: acquire.go:144: #19 thread for http://ds.iris.edu/ds/products/globalempiricalgreenstensors/ 
logger: acquire.go:144: #17 thread for http://ds.iris.edu/ds/products/momenttensor/ 
logger: acquire.go:144: #21 thread for http://ds.iris.edu/ds/products/noise-toolkit/ 
logger: acquire.go:144: #24 thread for http://ds.iris.edu/ds/products/eventbulletins/ 
logger: acquire.go:144: #26 thread for http://ds.iris.edu/ds/products/calibration/ 
